[2026-01-06 15:16:47] logic_MainProgram.Init, top model *goass.ui_MainOperationList
[2026-01-06 15:16:47] logic_MainProgram.Update, top model *goass.ui_MainOperationList, handle msg tea.WindowSizeMsg
[2026-01-06 15:16:49] logic_MainProgram.Update, top model *goass.ui_MainOperationList, handle msg tea.KeyMsg
[2026-01-06 15:16:49] logic_MainProgram.Update, top model *goass.ui_MainOperationList, handle msg common.MSG_enter
[2026-01-06 15:16:49] common.MSG_enter, model *goass.ui_NewProcess
[2026-01-06 15:16:49] logic_MainProgram.Update, top model *goass.ui_NewProcess, handle msg cursor.initialBlinkMsg
[2026-01-06 15:16:49] logic_MainProgram.Update, top model *goass.ui_NewProcess, handle msg tea.KeyMsg
[2026-01-06 15:16:49] ui_NewProcess.Update: item Go Module input None
[2026-01-06 15:16:50] logic_MainProgram.Update, top model *goass.ui_NewProcess, handle msg tea.KeyMsg
[2026-01-06 15:16:50] ui_NewProcess.Update: item Process Name input go-sgs
[2026-01-06 15:16:50] logic_MainProgram.Update, top model *goass.ui_NewProcess, handle msg tea.KeyMsg
[2026-01-06 15:16:50] ui_NewProcess.Update: item Main Actor Name input MainServer
[2026-01-06 15:16:50] logic_MainProgram.Update, top model *goass.ui_NewProcess, handle msg cursor.BlinkMsg
[2026-01-06 15:16:50] logic_MainProgram.Update, top model *goass.ui_NewProcess, handle msg tea.KeyMsg
[2026-01-06 15:16:50] ui_NewProcess.Update: item WebSocket Port input 8080
[2026-01-06 15:16:50] ui_NewProcess.Update: generate process None with main actor go-sgs
[2026-01-06 15:16:50] ui_NewProcess.generateProcessItem: Creating project structure...
[2026-01-06 15:16:50] logic_MainProgram.Update, top model *goass.ui_NewProcess, handle msg spinner.TickMsg
[2026-01-06 15:16:50] logic_MainProgram.Update, top model *goass.ui_NewProcess, handle msg spinner.TickMsg
[2026-01-06 15:16:50] logic_MainProgram.Update, top model *goass.ui_NewProcess, handle msg tea.KeyMsg
[2026-01-06 15:16:50] logic_MainProgram.Update, top model *goass.ui_NewProcess, handle msg spinner.TickMsg
[2026-01-06 15:16:50] logic_MainProgram.Update, top model *goass.ui_NewProcess, handle msg spinner.TickMsg
[2026-01-06 15:16:50] logic_MainProgram.Update, top model *goass.ui_NewProcess, handle msg spinner.TickMsg
[2026-01-06 15:16:50] logic_MainProgram.Update, top model *goass.ui_NewProcess, handle msg goass.generatedProcessItemMsg
[2026-01-06 15:16:50] ui_NewProcess.Update: generatedProcessItemMsg, Creating project structure...
[2026-01-06 15:16:50] ui_NewProcess.generateProcessItem: Initializing framework go-sgs...
[2026-01-06 15:16:50] logic_MainProgram.Update, top model *goass.ui_NewProcess, handle msg spinner.TickMsg
[2026-01-06 15:16:50] logic_MainProgram.Update, top model *goass.ui_NewProcess, handle msg progress.FrameMsg
[2026-01-06 15:16:50] logic_MainProgram.Update, top model *goass.ui_NewProcess, handle msg cursor.BlinkMsg
[2026-01-06 15:16:50] logic_MainProgram.Update, top model *goass.ui_NewProcess, handle msg progress.FrameMsg
[2026-01-06 15:16:50] logic_MainProgram.Update, top model *goass.ui_NewProcess, handle msg progress.FrameMsg
[2026-01-06 15:16:50] logic_MainProgram.Update, top model *goass.ui_NewProcess, handle msg progress.FrameMsg
[2026-01-06 15:16:50] logic_MainProgram.Update, top model *goass.ui_NewProcess, handle msg progress.FrameMsg
[2026-01-06 15:16:50] logic_MainProgram.Update, top model *goass.ui_NewProcess, handle msg spinner.TickMsg
[2026-01-06 15:16:50] logic_MainProgram.Update, top model *goass.ui_NewProcess, handle msg progress.FrameMsg
[2026-01-06 15:16:50] logic_MainProgram.Update, top model *goass.ui_NewProcess, handle msg progress.FrameMsg
[2026-01-06 15:16:50] logic_MainProgram.Update, top model *goass.ui_NewProcess, handle msg progress.FrameMsg
[2026-01-06 15:16:50] logic_MainProgram.Update, top model *goass.ui_NewProcess, handle msg progress.FrameMsg
[2026-01-06 15:16:51] logic_MainProgram.Update, top model *goass.ui_NewProcess, handle msg progress.FrameMsg
[2026-01-06 15:16:51] logic_MainProgram.Update, top model *goass.ui_NewProcess, handle msg progress.FrameMsg
[2026-01-06 15:16:51] logic_MainProgram.Update, top model *goass.ui_NewProcess, handle msg spinner.TickMsg
[2026-01-06 15:16:51] logic_MainProgram.Update, top model *goass.ui_NewProcess, handle msg progress.FrameMsg
[2026-01-06 15:16:51] logic_MainProgram.Update, top model *goass.ui_NewProcess, handle msg progress.FrameMsg
[2026-01-06 15:16:51] logic_MainProgram.Update, top model *goass.ui_NewProcess, handle msg progress.FrameMsg
[2026-01-06 15:16:51] logic_MainProgram.Update, top model *goass.ui_NewProcess, handle msg progress.FrameMsg
[2026-01-06 15:16:51] logic_MainProgram.Update, top model *goass.ui_NewProcess, handle msg progress.FrameMsg
[2026-01-06 15:16:51] logic_MainProgram.Update, top model *goass.ui_NewProcess, handle msg progress.FrameMsg
[2026-01-06 15:16:51] logic_MainProgram.Update, top model *goass.ui_NewProcess, handle msg spinner.TickMsg
[2026-01-06 15:16:51] logic_MainProgram.Update, top model *goass.ui_NewProcess, handle msg progress.FrameMsg
[2026-01-06 15:16:51] logic_MainProgram.Update, top model *goass.ui_NewProcess, handle msg progress.FrameMsg
[2026-01-06 15:16:51] logic_MainProgram.Update, top model *goass.ui_NewProcess, handle msg progress.FrameMsg
[2026-01-06 15:16:51] logic_MainProgram.Update, top model *goass.ui_NewProcess, handle msg progress.FrameMsg
[2026-01-06 15:16:51] logic_MainProgram.Update, top model *goass.ui_NewProcess, handle msg progress.FrameMsg
[2026-01-06 15:16:51] logic_MainProgram.Update, top model *goass.ui_NewProcess, handle msg progress.FrameMsg
[2026-01-06 15:16:51] logic_MainProgram.Update, top model *goass.ui_NewProcess, handle msg spinner.TickMsg
[2026-01-06 15:16:51] logic_MainProgram.Update, top model *goass.ui_NewProcess, handle msg progress.FrameMsg
[2026-01-06 15:16:51] logic_MainProgram.Update, top model *goass.ui_NewProcess, handle msg progress.FrameMsg
[2026-01-06 15:16:51] logic_MainProgram.Update, top model *goass.ui_NewProcess, handle msg progress.FrameMsg
[2026-01-06 15:16:51] logic_MainProgram.Update, top model *goass.ui_NewProcess, handle msg progress.FrameMsg
[2026-01-06 15:16:51] logic_MainProgram.Update, top model *goass.ui_NewProcess, handle msg goass.generatedProcessItemMsg
[2026-01-06 15:16:51] ui_NewProcess.Update: generatedProcessItemMsg, Initializing framework go-sgs...
[2026-01-06 15:16:51] ui_NewProcess.generateProcessItem: Creating main actor...
[2026-01-06 15:16:51] logic_MainProgram.Update, top model *goass.ui_NewProcess, handle msg spinner.TickMsg
[2026-01-06 15:16:51] logic_MainProgram.Update, top model *goass.ui_NewProcess, handle msg progress.FrameMsg
[2026-01-06 15:16:51] logic_MainProgram.Update, top model *goass.ui_NewProcess, handle msg progress.FrameMsg
[2026-01-06 15:16:51] logic_MainProgram.Update, top model *goass.ui_NewProcess, handle msg progress.FrameMsg
[2026-01-06 15:16:51] logic_MainProgram.Update, top model *goass.ui_NewProcess, handle msg cursor.BlinkMsg
[2026-01-06 15:16:51] logic_MainProgram.Update, top model *goass.ui_NewProcess, handle msg progress.FrameMsg
[2026-01-06 15:16:51] logic_MainProgram.Update, top model *goass.ui_NewProcess, handle msg progress.FrameMsg
[2026-01-06 15:16:51] logic_MainProgram.Update, top model *goass.ui_NewProcess, handle msg progress.FrameMsg
[2026-01-06 15:16:51] logic_MainProgram.Update, top model *goass.ui_NewProcess, handle msg spinner.TickMsg
[2026-01-06 15:16:51] logic_MainProgram.Update, top model *goass.ui_NewProcess, handle msg progress.FrameMsg
[2026-01-06 15:16:51] logic_MainProgram.Update, top model *goass.ui_NewProcess, handle msg progress.FrameMsg
[2026-01-06 15:16:51] logic_MainProgram.Update, top model *goass.ui_NewProcess, handle msg progress.FrameMsg
[2026-01-06 15:16:51] logic_MainProgram.Update, top model *goass.ui_NewProcess, handle msg progress.FrameMsg
[2026-01-06 15:16:51] logic_MainProgram.Update, top model *goass.ui_NewProcess, handle msg progress.FrameMsg
[2026-01-06 15:16:51] logic_MainProgram.Update, top model *goass.ui_NewProcess, handle msg spinner.TickMsg
[2026-01-06 15:16:51] logic_MainProgram.Update, top model *goass.ui_NewProcess, handle msg progress.FrameMsg
[2026-01-06 15:16:51] logic_MainProgram.Update, top model *goass.ui_NewProcess, handle msg progress.FrameMsg
[2026-01-06 15:16:51] logic_MainProgram.Update, top model *goass.ui_NewProcess, handle msg progress.FrameMsg
[2026-01-06 15:16:51] logic_MainProgram.Update, top model *goass.ui_NewProcess, handle msg progress.FrameMsg
[2026-01-06 15:16:51] logic_MainProgram.Update, top model *goass.ui_NewProcess, handle msg progress.FrameMsg
[2026-01-06 15:16:51] logic_MainProgram.Update, top model *goass.ui_NewProcess, handle msg progress.FrameMsg
[2026-01-06 15:16:51] logic_MainProgram.Update, top model *goass.ui_NewProcess, handle msg spinner.TickMsg
[2026-01-06 15:16:51] logic_MainProgram.Update, top model *goass.ui_NewProcess, handle msg progress.FrameMsg
[2026-01-06 15:16:51] logic_MainProgram.Update, top model *goass.ui_NewProcess, handle msg progress.FrameMsg
[2026-01-06 15:16:51] logic_MainProgram.Update, top model *goass.ui_NewProcess, handle msg progress.FrameMsg
[2026-01-06 15:16:51] logic_MainProgram.Update, top model *goass.ui_NewProcess, handle msg progress.FrameMsg
[2026-01-06 15:16:51] logic_MainProgram.Update, top model *goass.ui_NewProcess, handle msg progress.FrameMsg
[2026-01-06 15:16:51] logic_MainProgram.Update, top model *goass.ui_NewProcess, handle msg progress.FrameMsg
[2026-01-06 15:16:51] logic_MainProgram.Update, top model *goass.ui_NewProcess, handle msg spinner.TickMsg
[2026-01-06 15:16:51] logic_MainProgram.Update, top model *goass.ui_NewProcess, handle msg progress.FrameMsg
[2026-01-06 15:16:51] logic_MainProgram.Update, top model *goass.ui_NewProcess, handle msg progress.FrameMsg
[2026-01-06 15:16:51] logic_MainProgram.Update, top model *goass.ui_NewProcess, handle msg progress.FrameMsg
[2026-01-06 15:16:51] logic_MainProgram.Update, top model *goass.ui_NewProcess, handle msg progress.FrameMsg
[2026-01-06 15:16:51] logic_MainProgram.Update, top model *goass.ui_NewProcess, handle msg goass.generatedProcessItemMsg
[2026-01-06 15:16:51] ui_NewProcess.Update: generatedProcessItemMsg, Creating main actor...
[2026-01-06 15:16:51] ui_NewProcess.generateProcessItem: Creating websocket dialer...
[2026-01-06 15:16:51] logic_MainProgram.Update, top model *goass.ui_NewProcess, handle msg spinner.TickMsg
[2026-01-06 15:16:51] logic_MainProgram.Update, top model *goass.ui_NewProcess, handle msg progress.FrameMsg
[2026-01-06 15:16:51] logic_MainProgram.Update, top model *goass.ui_NewProcess, handle msg progress.FrameMsg
[2026-01-06 15:16:51] logic_MainProgram.Update, top model *goass.ui_NewProcess, handle msg progress.FrameMsg
[2026-01-06 15:16:51] logic_MainProgram.Update, top model *goass.ui_NewProcess, handle msg progress.FrameMsg
[2026-01-06 15:16:51] logic_MainProgram.Update, top model *goass.ui_NewProcess, handle msg cursor.BlinkMsg
[2026-01-06 15:16:51] logic_MainProgram.Update, top model *goass.ui_NewProcess, handle msg progress.FrameMsg
[2026-01-06 15:16:51] logic_MainProgram.Update, top model *goass.ui_NewProcess, handle msg progress.FrameMsg
[2026-01-06 15:16:51] logic_MainProgram.Update, top model *goass.ui_NewProcess, handle msg spinner.TickMsg
[2026-01-06 15:16:51] logic_MainProgram.Update, top model *goass.ui_NewProcess, handle msg progress.FrameMsg
[2026-01-06 15:16:51] logic_MainProgram.Update, top model *goass.ui_NewProcess, handle msg progress.FrameMsg
[2026-01-06 15:16:51] logic_MainProgram.Update, top model *goass.ui_NewProcess, handle msg progress.FrameMsg
[2026-01-06 15:16:51] logic_MainProgram.Update, top model *goass.ui_NewProcess, handle msg progress.FrameMsg
[2026-01-06 15:16:52] logic_MainProgram.Update, top model *goass.ui_NewProcess, handle msg progress.FrameMsg
[2026-01-06 15:16:52] logic_MainProgram.Update, top model *goass.ui_NewProcess, handle msg progress.FrameMsg
[2026-01-06 15:16:52] logic_MainProgram.Update, top model *goass.ui_NewProcess, handle msg spinner.TickMsg
[2026-01-06 15:16:52] logic_MainProgram.Update, top model *goass.ui_NewProcess, handle msg progress.FrameMsg
[2026-01-06 15:16:52] logic_MainProgram.Update, top model *goass.ui_NewProcess, handle msg progress.FrameMsg
[2026-01-06 15:16:52] logic_MainProgram.Update, top model *goass.ui_NewProcess, handle msg progress.FrameMsg
[2026-01-06 15:16:52] logic_MainProgram.Update, top model *goass.ui_NewProcess, handle msg progress.FrameMsg
[2026-01-06 15:16:52] logic_MainProgram.Update, top model *goass.ui_NewProcess, handle msg progress.FrameMsg
[2026-01-06 15:16:52] logic_MainProgram.Update, top model *goass.ui_NewProcess, handle msg spinner.TickMsg
[2026-01-06 15:16:52] logic_MainProgram.Update, top model *goass.ui_NewProcess, handle msg progress.FrameMsg
[2026-01-06 15:16:52] logic_MainProgram.Update, top model *goass.ui_NewProcess, handle msg progress.FrameMsg
[2026-01-06 15:16:52] logic_MainProgram.Update, top model *goass.ui_NewProcess, handle msg progress.FrameMsg
[2026-01-06 15:16:52] logic_MainProgram.Update, top model *goass.ui_NewProcess, handle msg progress.FrameMsg
[2026-01-06 15:16:52] logic_MainProgram.Update, top model *goass.ui_NewProcess, handle msg progress.FrameMsg
[2026-01-06 15:16:52] logic_MainProgram.Update, top model *goass.ui_NewProcess, handle msg progress.FrameMsg
[2026-01-06 15:16:52] logic_MainProgram.Update, top model *goass.ui_NewProcess, handle msg spinner.TickMsg
[2026-01-06 15:16:52] logic_MainProgram.Update, top model *goass.ui_NewProcess, handle msg progress.FrameMsg
[2026-01-06 15:16:52] logic_MainProgram.Update, top model *goass.ui_NewProcess, handle msg progress.FrameMsg
[2026-01-06 15:16:52] logic_MainProgram.Update, top model *goass.ui_NewProcess, handle msg progress.FrameMsg
[2026-01-06 15:16:52] logic_MainProgram.Update, top model *goass.ui_NewProcess, handle msg progress.FrameMsg
[2026-01-06 15:16:52] logic_MainProgram.Update, top model *goass.ui_NewProcess, handle msg goass.generatedProcessItemMsg
[2026-01-06 15:16:52] ui_NewProcess.Update: generatedProcessItemMsg, Creating websocket dialer...
[2026-01-06 15:16:52] ui_NewProcess.generateProcessItem: Executing go tidy...
[2026-01-06 15:16:52] logic_MainProgram.Update, top model *goass.ui_NewProcess, handle msg spinner.TickMsg
[2026-01-06 15:16:52] logic_MainProgram.Update, top model *goass.ui_NewProcess, handle msg progress.FrameMsg
[2026-01-06 15:16:52] logic_MainProgram.Update, top model *goass.ui_NewProcess, handle msg progress.FrameMsg
[2026-01-06 15:16:52] logic_MainProgram.Update, top model *goass.ui_NewProcess, handle msg progress.FrameMsg
[2026-01-06 15:16:52] logic_MainProgram.Update, top model *goass.ui_NewProcess, handle msg progress.FrameMsg
[2026-01-06 15:16:52] logic_MainProgram.Update, top model *goass.ui_NewProcess, handle msg progress.FrameMsg
[2026-01-06 15:16:52] logic_MainProgram.Update, top model *goass.ui_NewProcess, handle msg progress.FrameMsg
[2026-01-06 15:16:52] logic_MainProgram.Update, top model *goass.ui_NewProcess, handle msg spinner.TickMsg
[2026-01-06 15:16:52] logic_MainProgram.Update, top model *goass.ui_NewProcess, handle msg cursor.BlinkMsg
[2026-01-06 15:16:52] logic_MainProgram.Update, top model *goass.ui_NewProcess, handle msg progress.FrameMsg
[2026-01-06 15:16:52] logic_MainProgram.Update, top model *goass.ui_NewProcess, handle msg progress.FrameMsg
[2026-01-06 15:16:52] logic_MainProgram.Update, top model *goass.ui_NewProcess, handle msg progress.FrameMsg
[2026-01-06 15:16:52] logic_MainProgram.Update, top model *goass.ui_NewProcess, handle msg progress.FrameMsg
[2026-01-06 15:16:52] logic_MainProgram.Update, top model *goass.ui_NewProcess, handle msg progress.FrameMsg
[2026-01-06 15:16:52] logic_MainProgram.Update, top model *goass.ui_NewProcess, handle msg progress.FrameMsg
[2026-01-06 15:16:52] logic_MainProgram.Update, top model *goass.ui_NewProcess, handle msg spinner.TickMsg
[2026-01-06 15:16:52] logic_MainProgram.Update, top model *goass.ui_NewProcess, handle msg progress.FrameMsg
[2026-01-06 15:16:52] logic_MainProgram.Update, top model *goass.ui_NewProcess, handle msg progress.FrameMsg
[2026-01-06 15:16:52] logic_MainProgram.Update, top model *goass.ui_NewProcess, handle msg progress.FrameMsg
[2026-01-06 15:16:52] logic_MainProgram.Update, top model *goass.ui_NewProcess, handle msg progress.FrameMsg
[2026-01-06 15:16:52] logic_MainProgram.Update, top model *goass.ui_NewProcess, handle msg progress.FrameMsg
[2026-01-06 15:16:52] logic_MainProgram.Update, top model *goass.ui_NewProcess, handle msg progress.FrameMsg
[2026-01-06 15:16:52] logic_MainProgram.Update, top model *goass.ui_NewProcess, handle msg spinner.TickMsg
[2026-01-06 15:16:52] logic_MainProgram.Update, top model *goass.ui_NewProcess, handle msg progress.FrameMsg
[2026-01-06 15:16:52] logic_MainProgram.Update, top model *goass.ui_NewProcess, handle msg progress.FrameMsg
[2026-01-06 15:16:52] logic_MainProgram.Update, top model *goass.ui_NewProcess, handle msg progress.FrameMsg
[2026-01-06 15:16:52] logic_MainProgram.Update, top model *goass.ui_NewProcess, handle msg progress.FrameMsg
[2026-01-06 15:16:52] logic_MainProgram.Update, top model *goass.ui_NewProcess, handle msg progress.FrameMsg
[2026-01-06 15:16:52] logic_MainProgram.Update, top model *goass.ui_NewProcess, handle msg spinner.TickMsg
[2026-01-06 15:16:52] logic_MainProgram.Update, top model *goass.ui_NewProcess, handle msg progress.FrameMsg
[2026-01-06 15:16:52] logic_MainProgram.Update, top model *goass.ui_NewProcess, handle msg progress.FrameMsg
[2026-01-06 15:16:52] logic_MainProgram.Update, top model *goass.ui_NewProcess, handle msg progress.FrameMsg
[2026-01-06 15:16:52] logic_MainProgram.Update, top model *goass.ui_NewProcess, handle msg progress.FrameMsg
[2026-01-06 15:16:52] logic_MainProgram.Update, top model *goass.ui_NewProcess, handle msg goass.generatedProcessItemMsg
[2026-01-06 15:16:52] ui_NewProcess.Update: generatedProcessItemMsg, Executing go tidy...
[2026-01-06 15:16:52] ui_NewProcess.generateProcessItem: Executing go mod vendor...
[2026-01-06 15:16:52] logic_MainProgram.Update, top model *goass.ui_NewProcess, handle msg spinner.TickMsg
[2026-01-06 15:16:52] logic_MainProgram.Update, top model *goass.ui_NewProcess, handle msg progress.FrameMsg
[2026-01-06 15:16:52] logic_MainProgram.Update, top model *goass.ui_NewProcess, handle msg progress.FrameMsg
[2026-01-06 15:16:52] logic_MainProgram.Update, top model *goass.ui_NewProcess, handle msg progress.FrameMsg
[2026-01-06 15:16:52] logic_MainProgram.Update, top model *goass.ui_NewProcess, handle msg progress.FrameMsg
[2026-01-06 15:16:52] logic_MainProgram.Update, top model *goass.ui_NewProcess, handle msg progress.FrameMsg
[2026-01-06 15:16:52] logic_MainProgram.Update, top model *goass.ui_NewProcess, handle msg progress.FrameMsg
[2026-01-06 15:16:52] logic_MainProgram.Update, top model *goass.ui_NewProcess, handle msg spinner.TickMsg
[2026-01-06 15:16:52] logic_MainProgram.Update, top model *goass.ui_NewProcess, handle msg progress.FrameMsg
[2026-01-06 15:16:52] logic_MainProgram.Update, top model *goass.ui_NewProcess, handle msg progress.FrameMsg
[2026-01-06 15:16:52] logic_MainProgram.Update, top model *goass.ui_NewProcess, handle msg cursor.BlinkMsg
[2026-01-06 15:16:52] logic_MainProgram.Update, top model *goass.ui_NewProcess, handle msg progress.FrameMsg
[2026-01-06 15:16:53] logic_MainProgram.Update, top model *goass.ui_NewProcess, handle msg progress.FrameMsg
[2026-01-06 15:16:53] logic_MainProgram.Update, top model *goass.ui_NewProcess, handle msg progress.FrameMsg
[2026-01-06 15:16:53] logic_MainProgram.Update, top model *goass.ui_NewProcess, handle msg progress.FrameMsg
[2026-01-06 15:16:53] logic_MainProgram.Update, top model *goass.ui_NewProcess, handle msg spinner.TickMsg
[2026-01-06 15:16:53] logic_MainProgram.Update, top model *goass.ui_NewProcess, handle msg progress.FrameMsg
[2026-01-06 15:16:53] logic_MainProgram.Update, top model *goass.ui_NewProcess, handle msg progress.FrameMsg
[2026-01-06 15:16:53] logic_MainProgram.Update, top model *goass.ui_NewProcess, handle msg progress.FrameMsg
[2026-01-06 15:16:53] logic_MainProgram.Update, top model *goass.ui_NewProcess, handle msg progress.FrameMsg
[2026-01-06 15:16:53] logic_MainProgram.Update, top model *goass.ui_NewProcess, handle msg progress.FrameMsg
[2026-01-06 15:16:53] logic_MainProgram.Update, top model *goass.ui_NewProcess, handle msg progress.FrameMsg
[2026-01-06 15:16:53] logic_MainProgram.Update, top model *goass.ui_NewProcess, handle msg spinner.TickMsg
[2026-01-06 15:16:53] logic_MainProgram.Update, top model *goass.ui_NewProcess, handle msg progress.FrameMsg
[2026-01-06 15:16:53] logic_MainProgram.Update, top model *goass.ui_NewProcess, handle msg progress.FrameMsg
[2026-01-06 15:16:53] logic_MainProgram.Update, top model *goass.ui_NewProcess, handle msg progress.FrameMsg
[2026-01-06 15:16:53] logic_MainProgram.Update, top model *goass.ui_NewProcess, handle msg progress.FrameMsg
[2026-01-06 15:16:53] logic_MainProgram.Update, top model *goass.ui_NewProcess, handle msg progress.FrameMsg
[2026-01-06 15:16:53] logic_MainProgram.Update, top model *goass.ui_NewProcess, handle msg spinner.TickMsg
[2026-01-06 15:16:53] logic_MainProgram.Update, top model *goass.ui_NewProcess, handle msg progress.FrameMsg
[2026-01-06 15:16:53] logic_MainProgram.Update, top model *goass.ui_NewProcess, handle msg progress.FrameMsg
[2026-01-06 15:16:53] logic_MainProgram.Update, top model *goass.ui_NewProcess, handle msg progress.FrameMsg
[2026-01-06 15:16:53] logic_MainProgram.Update, top model *goass.ui_NewProcess, handle msg progress.FrameMsg
[2026-01-06 15:16:53] logic_MainProgram.Update, top model *goass.ui_NewProcess, handle msg goass.generatedProcessItemMsg
[2026-01-06 15:16:53] ui_NewProcess.Update: generatedProcessItemMsg, Executing go mod vendor...
[2026-01-06 15:16:53] logic_MainProgram.Update, top model *goass.ui_NewProcess, handle msg spinner.TickMsg
[2026-01-06 15:16:53] logic_MainProgram.Update, top model *goass.ui_NewProcess, handle msg spinner.TickMsg
[2026-01-06 15:16:53] logic_MainProgram.Update, top model *goass.ui_NewProcess, handle msg cursor.BlinkMsg
[2026-01-06 15:16:53] logic_MainProgram.Update, top model *goass.ui_NewProcess, handle msg spinner.TickMsg
[2026-01-06 15:16:53] logic_MainProgram.Update, top model *goass.ui_NewProcess, handle msg spinner.TickMsg
[2026-01-06 15:16:53] logic_MainProgram.Update, top model *goass.ui_NewProcess, handle msg spinner.TickMsg
[2026-01-06 15:16:53] logic_MainProgram.Update, top model *goass.ui_NewProcess, handle msg spinner.TickMsg
[2026-01-06 15:16:53] logic_MainProgram.Update, top model *goass.ui_NewProcess, handle msg spinner.TickMsg
[2026-01-06 15:16:54] logic_MainProgram.Update, top model *goass.ui_NewProcess, handle msg cursor.BlinkMsg
[2026-01-06 15:16:54] logic_MainProgram.Update, top model *goass.ui_NewProcess, handle msg spinner.TickMsg
[2026-01-06 15:16:54] logic_MainProgram.Update, top model *goass.ui_NewProcess, handle msg spinner.TickMsg
[2026-01-06 15:16:54] logic_MainProgram.Update, top model *goass.ui_NewProcess, handle msg spinner.TickMsg
[2026-01-06 15:16:54] logic_MainProgram.Update, top model *goass.ui_NewProcess, handle msg spinner.TickMsg
[2026-01-06 15:16:54] logic_MainProgram.Update, top model *goass.ui_NewProcess, handle msg spinner.TickMsg
[2026-01-06 15:16:54] logic_MainProgram.Update, top model *goass.ui_NewProcess, handle msg spinner.TickMsg
[2026-01-06 15:16:54] logic_MainProgram.Update, top model *goass.ui_NewProcess, handle msg cursor.BlinkMsg
[2026-01-06 15:16:54] logic_MainProgram.Update, top model *goass.ui_NewProcess, handle msg spinner.TickMsg
[2026-01-06 15:16:54] logic_MainProgram.Update, top model *goass.ui_NewProcess, handle msg spinner.TickMsg
[2026-01-06 15:16:54] logic_MainProgram.Update, top model *goass.ui_NewProcess, handle msg spinner.TickMsg
[2026-01-06 15:16:54] logic_MainProgram.Update, top model *goass.ui_NewProcess, handle msg spinner.TickMsg
[2026-01-06 15:16:55] logic_MainProgram.Update, top model *goass.ui_NewProcess, handle msg spinner.TickMsg
[2026-01-06 15:16:55] logic_MainProgram.Update, top model *goass.ui_NewProcess, handle msg cursor.BlinkMsg
[2026-01-06 15:16:55] logic_MainProgram.Update, top model *goass.ui_NewProcess, handle msg spinner.TickMsg
[2026-01-06 15:16:55] logic_MainProgram.Update, top model *goass.ui_NewProcess, handle msg spinner.TickMsg
[2026-01-06 15:16:55] logic_MainProgram.Update, top model *goass.ui_NewProcess, handle msg spinner.TickMsg
[2026-01-06 15:16:55] logic_MainProgram.Update, top model *goass.ui_NewProcess, handle msg spinner.TickMsg
[2026-01-06 15:16:55] logic_MainProgram.Update, top model *goass.ui_NewProcess, handle msg spinner.TickMsg
[2026-01-06 15:16:55] logic_MainProgram.Update, top model *goass.ui_NewProcess, handle msg cursor.BlinkMsg
[2026-01-06 15:16:55] logic_MainProgram.Update, top model *goass.ui_NewProcess, handle msg spinner.TickMsg
[2026-01-06 15:16:55] logic_MainProgram.Update, top model *goass.ui_NewProcess, handle msg spinner.TickMsg
[2026-01-06 15:16:55] logic_MainProgram.Update, top model *goass.ui_NewProcess, handle msg spinner.TickMsg
[2026-01-06 15:16:55] logic_MainProgram.Update, top model *goass.ui_NewProcess, handle msg spinner.TickMsg
[2026-01-06 15:16:56] logic_MainProgram.Update, top model *goass.ui_NewProcess, handle msg spinner.TickMsg
[2026-01-06 15:16:56] logic_MainProgram.Update, top model *goass.ui_NewProcess, handle msg cursor.BlinkMsg
[2026-01-06 15:16:56] logic_MainProgram.Update, top model *goass.ui_NewProcess, handle msg spinner.TickMsg
[2026-01-06 15:16:56] logic_MainProgram.Update, top model *goass.ui_NewProcess, handle msg spinner.TickMsg
[2026-01-06 15:16:56] logic_MainProgram.Update, top model *goass.ui_NewProcess, handle msg spinner.TickMsg
[2026-01-06 15:16:56] logic_MainProgram.Update, top model *goass.ui_NewProcess, handle msg spinner.TickMsg
[2026-01-06 15:16:56] logic_MainProgram.Update, top model *goass.ui_NewProcess, handle msg spinner.TickMsg
[2026-01-06 15:16:56] logic_MainProgram.Update, top model *goass.ui_NewProcess, handle msg spinner.TickMsg
[2026-01-06 15:16:56] logic_MainProgram.Update, top model *goass.ui_NewProcess, handle msg cursor.BlinkMsg
[2026-01-06 15:16:56] logic_MainProgram.Update, top model *goass.ui_NewProcess, handle msg spinner.TickMsg
[2026-01-06 15:16:56] logic_MainProgram.Update, top model *goass.ui_NewProcess, handle msg spinner.TickMsg
[2026-01-06 15:16:56] logic_MainProgram.Update, top model *goass.ui_NewProcess, handle msg spinner.TickMsg
[2026-01-06 15:16:57] logic_MainProgram.Update, top model *goass.ui_NewProcess, handle msg spinner.TickMsg
[2026-01-06 15:16:57] logic_MainProgram.Update, top model *goass.ui_NewProcess, handle msg spinner.TickMsg
[2026-01-06 15:16:57] logic_MainProgram.Update, top model *goass.ui_NewProcess, handle msg cursor.BlinkMsg
[2026-01-06 15:16:57] logic_MainProgram.Update, top model *goass.ui_NewProcess, handle msg spinner.TickMsg
[2026-01-06 15:16:57] logic_MainProgram.Update, top model *goass.ui_NewProcess, handle msg spinner.TickMsg
[2026-01-06 15:16:57] logic_MainProgram.Update, top model *goass.ui_NewProcess, handle msg spinner.TickMsg
[2026-01-06 15:16:57] logic_MainProgram.Update, top model *goass.ui_NewProcess, handle msg spinner.TickMsg
[2026-01-06 15:16:57] logic_MainProgram.Update, top model *goass.ui_NewProcess, handle msg tea.KeyMsg
[2026-01-06 15:16:57] logic_MainProgram.Update, top model *goass.ui_NewProcess, handle msg cursor.blinkCanceled
[2026-01-06 15:16:57] logic_MainProgram.Update, top model *goass.ui_NewProcess, handle msg spinner.TickMsg
[2026-01-06 15:16:57] logic_MainProgram.Update, top model *goass.ui_NewProcess, handle msg spinner.TickMsg
[2026-01-06 15:16:57] logic_MainProgram.Update, top model *goass.ui_NewProcess, handle msg spinner.TickMsg
[2026-01-06 15:16:57] logic_MainProgram.Update, top model *goass.ui_NewProcess, handle msg spinner.TickMsg
[2026-01-06 15:16:58] logic_MainProgram.Update, top model *goass.ui_NewProcess, handle msg spinner.TickMsg
[2026-01-06 15:16:58] logic_MainProgram.Update, top model *goass.ui_NewProcess, handle msg cursor.BlinkMsg
[2026-01-06 15:16:58] logic_MainProgram.Update, top model *goass.ui_NewProcess, handle msg spinner.TickMsg
[2026-01-06 15:16:58] logic_MainProgram.Update, top model *goass.ui_NewProcess, handle msg spinner.TickMsg
[2026-01-06 15:16:58] logic_MainProgram.Update, top model *goass.ui_NewProcess, handle msg tea.KeyMsg
[2026-01-06 15:16:58] logic_MainProgram.Update, top model *goass.ui_NewProcess, handle msg common.MSG_back
[2026-01-06 15:16:58] common.MSG_back, model *goass.ui_NewProcess
[2026-01-06 15:16:58] logic_MainProgram.Update, top model *goass.ui_MainOperationList, handle msg spinner.TickMsg
[2026-01-06 15:16:58] logic_MainProgram.Update, top model *goass.ui_MainOperationList, handle msg cursor.BlinkMsg
[2026-01-06 15:16:58] logic_MainProgram.Update, top model *goass.ui_MainOperationList, handle msg tea.KeyMsg
[2026-01-06 15:16:58] logic_MainProgram.Update, top model *goass.ui_MainOperationList, handle msg common.MSG_back
