[2026-01-06 16:13:46] logic_MainProgram.Init, top model *goass.ui_MainOperationList
[2026-01-06 16:13:46] logic_MainProgram.Update, top model *goass.ui_MainOperationList, handle msg tea.WindowSizeMsg
[2026-01-06 16:13:51] logic_MainProgram.Update, top model *goass.ui_MainOperationList, handle msg tea.KeyMsg
[2026-01-06 16:13:51] logic_MainProgram.Update, top model *goass.ui_MainOperationList, handle msg common.MSG_enter
[2026-01-06 16:13:51] common.MSG_enter, model *goass.ui_NewProcess
[2026-01-06 16:13:51] logic_MainProgram.Update, top model *goass.ui_NewProcess, handle msg cursor.initialBlinkMsg
[2026-01-06 16:13:51] logic_MainProgram.Update, top model *goass.ui_NewProcess, handle msg tea.KeyMsg
[2026-01-06 16:13:51] ui_NewProcess.Update: no need module
[2026-01-06 16:13:51] ui_NewProcess.Update: item Go Module use None input 
[2026-01-06 16:13:51] logic_MainProgram.Update, top model *goass.ui_NewProcess, handle msg tea.KeyMsg
[2026-01-06 16:13:51] ui_NewProcess.Update: item Process Name use go-sgs input 
[2026-01-06 16:13:51] logic_MainProgram.Update, top model *goass.ui_NewProcess, handle msg tea.KeyMsg
[2026-01-06 16:13:51] ui_NewProcess.Update: item Main Actor Name use MainServer input 
[2026-01-06 16:13:51] logic_MainProgram.Update, top model *goass.ui_NewProcess, handle msg tea.KeyMsg
[2026-01-06 16:13:51] ui_NewProcess.Update: item WebSocket Port use 8080 input 
[2026-01-06 16:13:51] ui_NewProcess.Update: generate process None with main actor go-sgs
[2026-01-06 16:13:51] ui_NewProcess.generateProcessItem: Creating project structure...
[2026-01-06 16:13:51] logic_MainProgram.Update, top model *goass.ui_NewProcess, handle msg spinner.TickMsg
[2026-01-06 16:13:51] logic_MainProgram.Update, top model *goass.ui_NewProcess, handle msg cursor.BlinkMsg
[2026-01-06 16:13:51] logic_MainProgram.Update, top model *goass.ui_NewProcess, handle msg spinner.TickMsg
[2026-01-06 16:13:51] logic_MainProgram.Update, top model *goass.ui_NewProcess, handle msg tea.KeyMsg
[2026-01-06 16:13:51] logic_MainProgram.Update, top model *goass.ui_NewProcess, handle msg spinner.TickMsg
[2026-01-06 16:13:51] logic_MainProgram.Update, top model *goass.ui_NewProcess, handle msg spinner.TickMsg
[2026-01-06 16:13:51] logic_MainProgram.Update, top model *goass.ui_NewProcess, handle msg spinner.TickMsg
[2026-01-06 16:13:52] logic_MainProgram.Update, top model *goass.ui_NewProcess, handle msg goass.generatedProcessItemMsg
[2026-01-06 16:13:52] ui_NewProcess.Update: generatedProcessItemMsg, Creating project structure...
[2026-01-06 16:13:52] ui_NewProcess.generateProcessItem: Initializing framework go-sgs...
[2026-01-06 16:13:52] ui_NewProgress.generateProcessItem: skip go mod init
[2026-01-06 16:13:52] logic_MainProgram.Update, top model *goass.ui_NewProcess, handle msg spinner.TickMsg
[2026-01-06 16:13:52] logic_MainProgram.Update, top model *goass.ui_NewProcess, handle msg progress.FrameMsg
[2026-01-06 16:13:52] logic_MainProgram.Update, top model *goass.ui_NewProcess, handle msg progress.FrameMsg
[2026-01-06 16:13:52] logic_MainProgram.Update, top model *goass.ui_NewProcess, handle msg progress.FrameMsg
[2026-01-06 16:13:52] logic_MainProgram.Update, top model *goass.ui_NewProcess, handle msg cursor.BlinkMsg
[2026-01-06 16:13:52] logic_MainProgram.Update, top model *goass.ui_NewProcess, handle msg progress.FrameMsg
[2026-01-06 16:13:52] logic_MainProgram.Update, top model *goass.ui_NewProcess, handle msg progress.FrameMsg
[2026-01-06 16:13:52] logic_MainProgram.Update, top model *goass.ui_NewProcess, handle msg spinner.TickMsg
[2026-01-06 16:13:52] logic_MainProgram.Update, top model *goass.ui_NewProcess, handle msg progress.FrameMsg
[2026-01-06 16:13:52] logic_MainProgram.Update, top model *goass.ui_NewProcess, handle msg progress.FrameMsg
[2026-01-06 16:13:52] logic_MainProgram.Update, top model *goass.ui_NewProcess, handle msg progress.FrameMsg
[2026-01-06 16:13:52] logic_MainProgram.Update, top model *goass.ui_NewProcess, handle msg progress.FrameMsg
[2026-01-06 16:13:52] logic_MainProgram.Update, top model *goass.ui_NewProcess, handle msg progress.FrameMsg
[2026-01-06 16:13:52] logic_MainProgram.Update, top model *goass.ui_NewProcess, handle msg progress.FrameMsg
[2026-01-06 16:13:52] logic_MainProgram.Update, top model *goass.ui_NewProcess, handle msg spinner.TickMsg
[2026-01-06 16:13:52] logic_MainProgram.Update, top model *goass.ui_NewProcess, handle msg progress.FrameMsg
[2026-01-06 16:13:52] logic_MainProgram.Update, top model *goass.ui_NewProcess, handle msg progress.FrameMsg
[2026-01-06 16:13:52] logic_MainProgram.Update, top model *goass.ui_NewProcess, handle msg progress.FrameMsg
[2026-01-06 16:13:52] logic_MainProgram.Update, top model *goass.ui_NewProcess, handle msg progress.FrameMsg
[2026-01-06 16:13:52] logic_MainProgram.Update, top model *goass.ui_NewProcess, handle msg progress.FrameMsg
[2026-01-06 16:13:52] logic_MainProgram.Update, top model *goass.ui_NewProcess, handle msg progress.FrameMsg
[2026-01-06 16:13:52] logic_MainProgram.Update, top model *goass.ui_NewProcess, handle msg spinner.TickMsg
[2026-01-06 16:13:52] logic_MainProgram.Update, top model *goass.ui_NewProcess, handle msg progress.FrameMsg
[2026-01-06 16:13:52] logic_MainProgram.Update, top model *goass.ui_NewProcess, handle msg progress.FrameMsg
[2026-01-06 16:13:52] logic_MainProgram.Update, top model *goass.ui_NewProcess, handle msg progress.FrameMsg
[2026-01-06 16:13:52] logic_MainProgram.Update, top model *goass.ui_NewProcess, handle msg progress.FrameMsg
[2026-01-06 16:13:52] logic_MainProgram.Update, top model *goass.ui_NewProcess, handle msg progress.FrameMsg
[2026-01-06 16:13:52] logic_MainProgram.Update, top model *goass.ui_NewProcess, handle msg progress.FrameMsg
[2026-01-06 16:13:52] logic_MainProgram.Update, top model *goass.ui_NewProcess, handle msg spinner.TickMsg
[2026-01-06 16:13:52] logic_MainProgram.Update, top model *goass.ui_NewProcess, handle msg progress.FrameMsg
[2026-01-06 16:13:52] logic_MainProgram.Update, top model *goass.ui_NewProcess, handle msg progress.FrameMsg
[2026-01-06 16:13:52] logic_MainProgram.Update, top model *goass.ui_NewProcess, handle msg progress.FrameMsg
[2026-01-06 16:13:52] logic_MainProgram.Update, top model *goass.ui_NewProcess, handle msg progress.FrameMsg
[2026-01-06 16:13:52] logic_MainProgram.Update, top model *goass.ui_NewProcess, handle msg goass.generatedProcessItemMsg
[2026-01-06 16:13:52] ui_NewProcess.Update: generatedProcessItemMsg, Initializing framework go-sgs...
[2026-01-06 16:13:52] ui_NewProcess.generateProcessItem: Creating main actor...
[2026-01-06 16:13:52] logic_MainProgram.Update, top model *goass.ui_NewProcess, handle msg spinner.TickMsg
[2026-01-06 16:13:52] logic_MainProgram.Update, top model *goass.ui_NewProcess, handle msg progress.FrameMsg
[2026-01-06 16:13:52] logic_MainProgram.Update, top model *goass.ui_NewProcess, handle msg progress.FrameMsg
[2026-01-06 16:13:52] logic_MainProgram.Update, top model *goass.ui_NewProcess, handle msg progress.FrameMsg
[2026-01-06 16:13:52] logic_MainProgram.Update, top model *goass.ui_NewProcess, handle msg progress.FrameMsg
[2026-01-06 16:13:52] logic_MainProgram.Update, top model *goass.ui_NewProcess, handle msg cursor.BlinkMsg
[2026-01-06 16:13:52] logic_MainProgram.Update, top model *goass.ui_NewProcess, handle msg progress.FrameMsg
[2026-01-06 16:13:52] logic_MainProgram.Update, top model *goass.ui_NewProcess, handle msg progress.FrameMsg
[2026-01-06 16:13:52] logic_MainProgram.Update, top model *goass.ui_NewProcess, handle msg spinner.TickMsg
[2026-01-06 16:13:52] logic_MainProgram.Update, top model *goass.ui_NewProcess, handle msg progress.FrameMsg
[2026-01-06 16:13:52] logic_MainProgram.Update, top model *goass.ui_NewProcess, handle msg progress.FrameMsg
[2026-01-06 16:13:52] logic_MainProgram.Update, top model *goass.ui_NewProcess, handle msg progress.FrameMsg
[2026-01-06 16:13:52] logic_MainProgram.Update, top model *goass.ui_NewProcess, handle msg progress.FrameMsg
[2026-01-06 16:13:52] logic_MainProgram.Update, top model *goass.ui_NewProcess, handle msg progress.FrameMsg
[2026-01-06 16:13:52] logic_MainProgram.Update, top model *goass.ui_NewProcess, handle msg spinner.TickMsg
[2026-01-06 16:13:52] logic_MainProgram.Update, top model *goass.ui_NewProcess, handle msg progress.FrameMsg
[2026-01-06 16:13:52] logic_MainProgram.Update, top model *goass.ui_NewProcess, handle msg progress.FrameMsg
[2026-01-06 16:13:52] logic_MainProgram.Update, top model *goass.ui_NewProcess, handle msg progress.FrameMsg
[2026-01-06 16:13:52] logic_MainProgram.Update, top model *goass.ui_NewProcess, handle msg progress.FrameMsg
[2026-01-06 16:13:52] logic_MainProgram.Update, top model *goass.ui_NewProcess, handle msg progress.FrameMsg
[2026-01-06 16:13:52] logic_MainProgram.Update, top model *goass.ui_NewProcess, handle msg progress.FrameMsg
[2026-01-06 16:13:52] logic_MainProgram.Update, top model *goass.ui_NewProcess, handle msg spinner.TickMsg
[2026-01-06 16:13:52] logic_MainProgram.Update, top model *goass.ui_NewProcess, handle msg progress.FrameMsg
[2026-01-06 16:13:52] logic_MainProgram.Update, top model *goass.ui_NewProcess, handle msg progress.FrameMsg
[2026-01-06 16:13:52] logic_MainProgram.Update, top model *goass.ui_NewProcess, handle msg progress.FrameMsg
[2026-01-06 16:13:52] logic_MainProgram.Update, top model *goass.ui_NewProcess, handle msg progress.FrameMsg
[2026-01-06 16:13:52] logic_MainProgram.Update, top model *goass.ui_NewProcess, handle msg progress.FrameMsg
[2026-01-06 16:13:52] logic_MainProgram.Update, top model *goass.ui_NewProcess, handle msg progress.FrameMsg
[2026-01-06 16:13:52] logic_MainProgram.Update, top model *goass.ui_NewProcess, handle msg spinner.TickMsg
[2026-01-06 16:13:52] logic_MainProgram.Update, top model *goass.ui_NewProcess, handle msg progress.FrameMsg
[2026-01-06 16:13:52] logic_MainProgram.Update, top model *goass.ui_NewProcess, handle msg progress.FrameMsg
[2026-01-06 16:13:52] logic_MainProgram.Update, top model *goass.ui_NewProcess, handle msg progress.FrameMsg
[2026-01-06 16:13:53] logic_MainProgram.Update, top model *goass.ui_NewProcess, handle msg progress.FrameMsg
[2026-01-06 16:13:53] logic_MainProgram.Update, top model *goass.ui_NewProcess, handle msg goass.generatedProcessItemMsg
[2026-01-06 16:13:53] ui_NewProcess.Update: generatedProcessItemMsg, Creating main actor...
[2026-01-06 16:13:53] ui_NewProcess.generateProcessItem: Creating websocket dialer...
[2026-01-06 16:13:53] logic_MainProgram.Update, top model *goass.ui_NewProcess, handle msg spinner.TickMsg
[2026-01-06 16:13:53] logic_MainProgram.Update, top model *goass.ui_NewProcess, handle msg progress.FrameMsg
[2026-01-06 16:13:53] logic_MainProgram.Update, top model *goass.ui_NewProcess, handle msg progress.FrameMsg
[2026-01-06 16:13:53] logic_MainProgram.Update, top model *goass.ui_NewProcess, handle msg progress.FrameMsg
[2026-01-06 16:13:53] logic_MainProgram.Update, top model *goass.ui_NewProcess, handle msg progress.FrameMsg
[2026-01-06 16:13:53] logic_MainProgram.Update, top model *goass.ui_NewProcess, handle msg progress.FrameMsg
[2026-01-06 16:13:53] logic_MainProgram.Update, top model *goass.ui_NewProcess, handle msg progress.FrameMsg
[2026-01-06 16:13:53] logic_MainProgram.Update, top model *goass.ui_NewProcess, handle msg spinner.TickMsg
[2026-01-06 16:13:53] logic_MainProgram.Update, top model *goass.ui_NewProcess, handle msg cursor.BlinkMsg
[2026-01-06 16:13:53] logic_MainProgram.Update, top model *goass.ui_NewProcess, handle msg progress.FrameMsg
[2026-01-06 16:13:53] logic_MainProgram.Update, top model *goass.ui_NewProcess, handle msg progress.FrameMsg
[2026-01-06 16:13:53] logic_MainProgram.Update, top model *goass.ui_NewProcess, handle msg progress.FrameMsg
[2026-01-06 16:13:53] logic_MainProgram.Update, top model *goass.ui_NewProcess, handle msg progress.FrameMsg
[2026-01-06 16:13:53] logic_MainProgram.Update, top model *goass.ui_NewProcess, handle msg progress.FrameMsg
[2026-01-06 16:13:53] logic_MainProgram.Update, top model *goass.ui_NewProcess, handle msg spinner.TickMsg
[2026-01-06 16:13:53] logic_MainProgram.Update, top model *goass.ui_NewProcess, handle msg progress.FrameMsg
[2026-01-06 16:13:53] logic_MainProgram.Update, top model *goass.ui_NewProcess, handle msg progress.FrameMsg
[2026-01-06 16:13:53] logic_MainProgram.Update, top model *goass.ui_NewProcess, handle msg progress.FrameMsg
[2026-01-06 16:13:53] logic_MainProgram.Update, top model *goass.ui_NewProcess, handle msg progress.FrameMsg
[2026-01-06 16:13:53] logic_MainProgram.Update, top model *goass.ui_NewProcess, handle msg progress.FrameMsg
[2026-01-06 16:13:53] logic_MainProgram.Update, top model *goass.ui_NewProcess, handle msg progress.FrameMsg
[2026-01-06 16:13:53] logic_MainProgram.Update, top model *goass.ui_NewProcess, handle msg spinner.TickMsg
[2026-01-06 16:13:53] logic_MainProgram.Update, top model *goass.ui_NewProcess, handle msg progress.FrameMsg
[2026-01-06 16:13:53] logic_MainProgram.Update, top model *goass.ui_NewProcess, handle msg progress.FrameMsg
[2026-01-06 16:13:53] logic_MainProgram.Update, top model *goass.ui_NewProcess, handle msg progress.FrameMsg
[2026-01-06 16:13:53] logic_MainProgram.Update, top model *goass.ui_NewProcess, handle msg progress.FrameMsg
[2026-01-06 16:13:53] logic_MainProgram.Update, top model *goass.ui_NewProcess, handle msg progress.FrameMsg
[2026-01-06 16:13:53] logic_MainProgram.Update, top model *goass.ui_NewProcess, handle msg progress.FrameMsg
[2026-01-06 16:13:53] logic_MainProgram.Update, top model *goass.ui_NewProcess, handle msg spinner.TickMsg
[2026-01-06 16:13:53] logic_MainProgram.Update, top model *goass.ui_NewProcess, handle msg progress.FrameMsg
[2026-01-06 16:13:53] logic_MainProgram.Update, top model *goass.ui_NewProcess, handle msg progress.FrameMsg
[2026-01-06 16:13:53] logic_MainProgram.Update, top model *goass.ui_NewProcess, handle msg progress.FrameMsg
[2026-01-06 16:13:53] logic_MainProgram.Update, top model *goass.ui_NewProcess, handle msg progress.FrameMsg
[2026-01-06 16:13:53] logic_MainProgram.Update, top model *goass.ui_NewProcess, handle msg goass.generatedProcessItemMsg
[2026-01-06 16:13:53] ui_NewProcess.Update: generatedProcessItemMsg, Creating websocket dialer...
[2026-01-06 16:13:53] ui_NewProcess.generateProcessItem: Executing go tidy...
[2026-01-06 16:13:53] logic_MainProgram.Update, top model *goass.ui_NewProcess, handle msg spinner.TickMsg
[2026-01-06 16:13:53] logic_MainProgram.Update, top model *goass.ui_NewProcess, handle msg progress.FrameMsg
[2026-01-06 16:13:53] logic_MainProgram.Update, top model *goass.ui_NewProcess, handle msg progress.FrameMsg
[2026-01-06 16:13:53] logic_MainProgram.Update, top model *goass.ui_NewProcess, handle msg progress.FrameMsg
[2026-01-06 16:13:53] logic_MainProgram.Update, top model *goass.ui_NewProcess, handle msg progress.FrameMsg
[2026-01-06 16:13:53] logic_MainProgram.Update, top model *goass.ui_NewProcess, handle msg progress.FrameMsg
[2026-01-06 16:13:53] logic_MainProgram.Update, top model *goass.ui_NewProcess, handle msg progress.FrameMsg
[2026-01-06 16:13:53] logic_MainProgram.Update, top model *goass.ui_NewProcess, handle msg spinner.TickMsg
[2026-01-06 16:13:53] logic_MainProgram.Update, top model *goass.ui_NewProcess, handle msg progress.FrameMsg
[2026-01-06 16:13:53] logic_MainProgram.Update, top model *goass.ui_NewProcess, handle msg progress.FrameMsg
[2026-01-06 16:13:53] logic_MainProgram.Update, top model *goass.ui_NewProcess, handle msg cursor.BlinkMsg
[2026-01-06 16:13:53] logic_MainProgram.Update, top model *goass.ui_NewProcess, handle msg progress.FrameMsg
[2026-01-06 16:13:53] logic_MainProgram.Update, top model *goass.ui_NewProcess, handle msg progress.FrameMsg
[2026-01-06 16:13:53] logic_MainProgram.Update, top model *goass.ui_NewProcess, handle msg progress.FrameMsg
[2026-01-06 16:13:53] logic_MainProgram.Update, top model *goass.ui_NewProcess, handle msg spinner.TickMsg
[2026-01-06 16:13:53] logic_MainProgram.Update, top model *goass.ui_NewProcess, handle msg progress.FrameMsg
[2026-01-06 16:13:53] logic_MainProgram.Update, top model *goass.ui_NewProcess, handle msg progress.FrameMsg
[2026-01-06 16:13:53] logic_MainProgram.Update, top model *goass.ui_NewProcess, handle msg progress.FrameMsg
[2026-01-06 16:13:53] logic_MainProgram.Update, top model *goass.ui_NewProcess, handle msg progress.FrameMsg
[2026-01-06 16:13:53] logic_MainProgram.Update, top model *goass.ui_NewProcess, handle msg progress.FrameMsg
[2026-01-06 16:13:53] logic_MainProgram.Update, top model *goass.ui_NewProcess, handle msg progress.FrameMsg
[2026-01-06 16:13:53] logic_MainProgram.Update, top model *goass.ui_NewProcess, handle msg spinner.TickMsg
[2026-01-06 16:13:53] logic_MainProgram.Update, top model *goass.ui_NewProcess, handle msg progress.FrameMsg
[2026-01-06 16:13:53] logic_MainProgram.Update, top model *goass.ui_NewProcess, handle msg progress.FrameMsg
[2026-01-06 16:13:53] logic_MainProgram.Update, top model *goass.ui_NewProcess, handle msg progress.FrameMsg
[2026-01-06 16:13:53] logic_MainProgram.Update, top model *goass.ui_NewProcess, handle msg progress.FrameMsg
[2026-01-06 16:13:53] logic_MainProgram.Update, top model *goass.ui_NewProcess, handle msg progress.FrameMsg
[2026-01-06 16:13:53] logic_MainProgram.Update, top model *goass.ui_NewProcess, handle msg progress.FrameMsg
[2026-01-06 16:13:53] logic_MainProgram.Update, top model *goass.ui_NewProcess, handle msg spinner.TickMsg
[2026-01-06 16:13:53] logic_MainProgram.Update, top model *goass.ui_NewProcess, handle msg progress.FrameMsg
[2026-01-06 16:13:53] logic_MainProgram.Update, top model *goass.ui_NewProcess, handle msg progress.FrameMsg
[2026-01-06 16:13:53] logic_MainProgram.Update, top model *goass.ui_NewProcess, handle msg progress.FrameMsg
[2026-01-06 16:13:54] logic_MainProgram.Update, top model *goass.ui_NewProcess, handle msg progress.FrameMsg
[2026-01-06 16:13:54] logic_MainProgram.Update, top model *goass.ui_NewProcess, handle msg goass.generatedProcessItemMsg
[2026-01-06 16:13:54] ui_NewProcess.Update: generatedProcessItemMsg, Executing go tidy...
[2026-01-06 16:13:54] ui_NewProcess.generateProcessItem: Executing go mod vendor...
[2026-01-06 16:13:54] logic_MainProgram.Update, top model *goass.ui_NewProcess, handle msg spinner.TickMsg
[2026-01-06 16:13:54] logic_MainProgram.Update, top model *goass.ui_NewProcess, handle msg progress.FrameMsg
[2026-01-06 16:13:54] logic_MainProgram.Update, top model *goass.ui_NewProcess, handle msg progress.FrameMsg
[2026-01-06 16:13:54] logic_MainProgram.Update, top model *goass.ui_NewProcess, handle msg progress.FrameMsg
[2026-01-06 16:13:54] logic_MainProgram.Update, top model *goass.ui_NewProcess, handle msg progress.FrameMsg
[2026-01-06 16:13:54] logic_MainProgram.Update, top model *goass.ui_NewProcess, handle msg progress.FrameMsg
[2026-01-06 16:13:54] logic_MainProgram.Update, top model *goass.ui_NewProcess, handle msg progress.FrameMsg
[2026-01-06 16:13:54] logic_MainProgram.Update, top model *goass.ui_NewProcess, handle msg spinner.TickMsg
[2026-01-06 16:13:54] logic_MainProgram.Update, top model *goass.ui_NewProcess, handle msg progress.FrameMsg
[2026-01-06 16:13:54] logic_MainProgram.Update, top model *goass.ui_NewProcess, handle msg progress.FrameMsg
[2026-01-06 16:13:54] logic_MainProgram.Update, top model *goass.ui_NewProcess, handle msg progress.FrameMsg
[2026-01-06 16:13:54] logic_MainProgram.Update, top model *goass.ui_NewProcess, handle msg cursor.BlinkMsg
[2026-01-06 16:13:54] logic_MainProgram.Update, top model *goass.ui_NewProcess, handle msg progress.FrameMsg
[2026-01-06 16:13:54] logic_MainProgram.Update, top model *goass.ui_NewProcess, handle msg progress.FrameMsg
[2026-01-06 16:13:54] logic_MainProgram.Update, top model *goass.ui_NewProcess, handle msg spinner.TickMsg
[2026-01-06 16:13:54] logic_MainProgram.Update, top model *goass.ui_NewProcess, handle msg progress.FrameMsg
[2026-01-06 16:13:54] logic_MainProgram.Update, top model *goass.ui_NewProcess, handle msg progress.FrameMsg
[2026-01-06 16:13:54] logic_MainProgram.Update, top model *goass.ui_NewProcess, handle msg progress.FrameMsg
[2026-01-06 16:13:54] logic_MainProgram.Update, top model *goass.ui_NewProcess, handle msg progress.FrameMsg
[2026-01-06 16:13:54] logic_MainProgram.Update, top model *goass.ui_NewProcess, handle msg progress.FrameMsg
[2026-01-06 16:13:54] logic_MainProgram.Update, top model *goass.ui_NewProcess, handle msg progress.FrameMsg
[2026-01-06 16:13:54] logic_MainProgram.Update, top model *goass.ui_NewProcess, handle msg spinner.TickMsg
[2026-01-06 16:13:54] logic_MainProgram.Update, top model *goass.ui_NewProcess, handle msg progress.FrameMsg
[2026-01-06 16:13:54] logic_MainProgram.Update, top model *goass.ui_NewProcess, handle msg progress.FrameMsg
[2026-01-06 16:13:54] logic_MainProgram.Update, top model *goass.ui_NewProcess, handle msg progress.FrameMsg
[2026-01-06 16:13:54] logic_MainProgram.Update, top model *goass.ui_NewProcess, handle msg progress.FrameMsg
[2026-01-06 16:13:54] logic_MainProgram.Update, top model *goass.ui_NewProcess, handle msg progress.FrameMsg
[2026-01-06 16:13:54] logic_MainProgram.Update, top model *goass.ui_NewProcess, handle msg progress.FrameMsg
[2026-01-06 16:13:54] logic_MainProgram.Update, top model *goass.ui_NewProcess, handle msg spinner.TickMsg
[2026-01-06 16:13:54] logic_MainProgram.Update, top model *goass.ui_NewProcess, handle msg progress.FrameMsg
[2026-01-06 16:13:54] logic_MainProgram.Update, top model *goass.ui_NewProcess, handle msg progress.FrameMsg
[2026-01-06 16:13:54] logic_MainProgram.Update, top model *goass.ui_NewProcess, handle msg progress.FrameMsg
[2026-01-06 16:13:54] logic_MainProgram.Update, top model *goass.ui_NewProcess, handle msg progress.FrameMsg
[2026-01-06 16:13:54] logic_MainProgram.Update, top model *goass.ui_NewProcess, handle msg goass.generatedProcessItemMsg
[2026-01-06 16:13:54] ui_NewProcess.Update: generatedProcessItemMsg, Executing go mod vendor...
[2026-01-06 16:13:54] logic_MainProgram.Update, top model *goass.ui_NewProcess, handle msg spinner.TickMsg
[2026-01-06 16:13:54] logic_MainProgram.Update, top model *goass.ui_NewProcess, handle msg spinner.TickMsg
[2026-01-06 16:13:54] logic_MainProgram.Update, top model *goass.ui_NewProcess, handle msg cursor.BlinkMsg
[2026-01-06 16:13:54] logic_MainProgram.Update, top model *goass.ui_NewProcess, handle msg spinner.TickMsg
[2026-01-06 16:13:54] logic_MainProgram.Update, top model *goass.ui_NewProcess, handle msg spinner.TickMsg
[2026-01-06 16:13:54] logic_MainProgram.Update, top model *goass.ui_NewProcess, handle msg spinner.TickMsg
[2026-01-06 16:13:55] logic_MainProgram.Update, top model *goass.ui_NewProcess, handle msg spinner.TickMsg
[2026-01-06 16:13:55] logic_MainProgram.Update, top model *goass.ui_NewProcess, handle msg spinner.TickMsg
[2026-01-06 16:13:55] logic_MainProgram.Update, top model *goass.ui_NewProcess, handle msg spinner.TickMsg
[2026-01-06 16:13:55] logic_MainProgram.Update, top model *goass.ui_NewProcess, handle msg cursor.BlinkMsg
[2026-01-06 16:13:55] logic_MainProgram.Update, top model *goass.ui_NewProcess, handle msg spinner.TickMsg
[2026-01-06 16:13:55] logic_MainProgram.Update, top model *goass.ui_NewProcess, handle msg spinner.TickMsg
[2026-01-06 16:13:55] logic_MainProgram.Update, top model *goass.ui_NewProcess, handle msg spinner.TickMsg
[2026-01-06 16:13:55] logic_MainProgram.Update, top model *goass.ui_NewProcess, handle msg spinner.TickMsg
[2026-01-06 16:13:55] logic_MainProgram.Update, top model *goass.ui_NewProcess, handle msg spinner.TickMsg
[2026-01-06 16:13:55] logic_MainProgram.Update, top model *goass.ui_NewProcess, handle msg cursor.BlinkMsg
[2026-01-06 16:13:55] logic_MainProgram.Update, top model *goass.ui_NewProcess, handle msg spinner.TickMsg
[2026-01-06 16:13:55] logic_MainProgram.Update, top model *goass.ui_NewProcess, handle msg spinner.TickMsg
[2026-01-06 16:13:56] logic_MainProgram.Update, top model *goass.ui_NewProcess, handle msg spinner.TickMsg
[2026-01-06 16:13:56] logic_MainProgram.Update, top model *goass.ui_NewProcess, handle msg spinner.TickMsg
[2026-01-06 16:13:56] logic_MainProgram.Update, top model *goass.ui_NewProcess, handle msg spinner.TickMsg
[2026-01-06 16:13:56] logic_MainProgram.Update, top model *goass.ui_NewProcess, handle msg cursor.BlinkMsg
[2026-01-06 16:13:56] logic_MainProgram.Update, top model *goass.ui_NewProcess, handle msg spinner.TickMsg
[2026-01-06 16:13:56] logic_MainProgram.Update, top model *goass.ui_NewProcess, handle msg spinner.TickMsg
[2026-01-06 16:13:56] logic_MainProgram.Update, top model *goass.ui_NewProcess, handle msg spinner.TickMsg
[2026-01-06 16:13:56] logic_MainProgram.Update, top model *goass.ui_NewProcess, handle msg spinner.TickMsg
[2026-01-06 16:13:56] logic_MainProgram.Update, top model *goass.ui_NewProcess, handle msg spinner.TickMsg
[2026-01-06 16:13:56] logic_MainProgram.Update, top model *goass.ui_NewProcess, handle msg cursor.BlinkMsg
[2026-01-06 16:13:56] logic_MainProgram.Update, top model *goass.ui_NewProcess, handle msg spinner.TickMsg
[2026-01-06 16:13:56] logic_MainProgram.Update, top model *goass.ui_NewProcess, handle msg spinner.TickMsg
[2026-01-06 16:13:57] logic_MainProgram.Update, top model *goass.ui_NewProcess, handle msg spinner.TickMsg
[2026-01-06 16:13:57] logic_MainProgram.Update, top model *goass.ui_NewProcess, handle msg spinner.TickMsg
[2026-01-06 16:13:57] logic_MainProgram.Update, top model *goass.ui_NewProcess, handle msg spinner.TickMsg
[2026-01-06 16:13:57] logic_MainProgram.Update, top model *goass.ui_NewProcess, handle msg spinner.TickMsg
[2026-01-06 16:13:57] logic_MainProgram.Update, top model *goass.ui_NewProcess, handle msg cursor.BlinkMsg
[2026-01-06 16:13:57] logic_MainProgram.Update, top model *goass.ui_NewProcess, handle msg spinner.TickMsg
[2026-01-06 16:13:57] logic_MainProgram.Update, top model *goass.ui_NewProcess, handle msg spinner.TickMsg
[2026-01-06 16:13:57] logic_MainProgram.Update, top model *goass.ui_NewProcess, handle msg spinner.TickMsg
[2026-01-06 16:13:57] logic_MainProgram.Update, top model *goass.ui_NewProcess, handle msg spinner.TickMsg
[2026-01-06 16:13:57] logic_MainProgram.Update, top model *goass.ui_NewProcess, handle msg spinner.TickMsg
[2026-01-06 16:13:57] logic_MainProgram.Update, top model *goass.ui_NewProcess, handle msg cursor.BlinkMsg
[2026-01-06 16:13:57] logic_MainProgram.Update, top model *goass.ui_NewProcess, handle msg spinner.TickMsg
[2026-01-06 16:13:58] logic_MainProgram.Update, top model *goass.ui_NewProcess, handle msg spinner.TickMsg
[2026-01-06 16:13:58] logic_MainProgram.Update, top model *goass.ui_NewProcess, handle msg spinner.TickMsg
[2026-01-06 16:13:58] logic_MainProgram.Update, top model *goass.ui_NewProcess, handle msg spinner.TickMsg
[2026-01-06 16:13:58] logic_MainProgram.Update, top model *goass.ui_NewProcess, handle msg spinner.TickMsg
[2026-01-06 16:13:58] logic_MainProgram.Update, top model *goass.ui_NewProcess, handle msg cursor.BlinkMsg
[2026-01-06 16:13:58] logic_MainProgram.Update, top model *goass.ui_NewProcess, handle msg spinner.TickMsg
[2026-01-06 16:13:58] logic_MainProgram.Update, top model *goass.ui_NewProcess, handle msg spinner.TickMsg
[2026-01-06 16:13:58] logic_MainProgram.Update, top model *goass.ui_NewProcess, handle msg spinner.TickMsg
[2026-01-06 16:13:58] logic_MainProgram.Update, top model *goass.ui_NewProcess, handle msg spinner.TickMsg
[2026-01-06 16:13:58] logic_MainProgram.Update, top model *goass.ui_NewProcess, handle msg spinner.TickMsg
[2026-01-06 16:13:58] logic_MainProgram.Update, top model *goass.ui_NewProcess, handle msg cursor.BlinkMsg
[2026-01-06 16:13:58] logic_MainProgram.Update, top model *goass.ui_NewProcess, handle msg spinner.TickMsg
[2026-01-06 16:13:59] logic_MainProgram.Update, top model *goass.ui_NewProcess, handle msg spinner.TickMsg
[2026-01-06 16:13:59] logic_MainProgram.Update, top model *goass.ui_NewProcess, handle msg spinner.TickMsg
[2026-01-06 16:13:59] logic_MainProgram.Update, top model *goass.ui_NewProcess, handle msg spinner.TickMsg
[2026-01-06 16:13:59] logic_MainProgram.Update, top model *goass.ui_NewProcess, handle msg spinner.TickMsg
[2026-01-06 16:13:59] logic_MainProgram.Update, top model *goass.ui_NewProcess, handle msg spinner.TickMsg
[2026-01-06 16:13:59] logic_MainProgram.Update, top model *goass.ui_NewProcess, handle msg cursor.BlinkMsg
[2026-01-06 16:13:59] logic_MainProgram.Update, top model *goass.ui_NewProcess, handle msg spinner.TickMsg
[2026-01-06 16:13:59] logic_MainProgram.Update, top model *goass.ui_NewProcess, handle msg spinner.TickMsg
[2026-01-06 16:13:59] logic_MainProgram.Update, top model *goass.ui_NewProcess, handle msg spinner.TickMsg
[2026-01-06 16:13:59] logic_MainProgram.Update, top model *goass.ui_NewProcess, handle msg spinner.TickMsg
[2026-01-06 16:14:00] logic_MainProgram.Update, top model *goass.ui_NewProcess, handle msg spinner.TickMsg
[2026-01-06 16:14:00] logic_MainProgram.Update, top model *goass.ui_NewProcess, handle msg cursor.BlinkMsg
[2026-01-06 16:14:00] logic_MainProgram.Update, top model *goass.ui_NewProcess, handle msg spinner.TickMsg
[2026-01-06 16:14:00] logic_MainProgram.Update, top model *goass.ui_NewProcess, handle msg spinner.TickMsg
[2026-01-06 16:14:00] logic_MainProgram.Update, top model *goass.ui_NewProcess, handle msg spinner.TickMsg
[2026-01-06 16:14:00] logic_MainProgram.Update, top model *goass.ui_NewProcess, handle msg spinner.TickMsg
[2026-01-06 16:14:00] logic_MainProgram.Update, top model *goass.ui_NewProcess, handle msg spinner.TickMsg
[2026-01-06 16:14:00] logic_MainProgram.Update, top model *goass.ui_NewProcess, handle msg cursor.BlinkMsg
[2026-01-06 16:14:00] logic_MainProgram.Update, top model *goass.ui_NewProcess, handle msg spinner.TickMsg
[2026-01-06 16:14:00] logic_MainProgram.Update, top model *goass.ui_NewProcess, handle msg spinner.TickMsg
[2026-01-06 16:14:00] logic_MainProgram.Update, top model *goass.ui_NewProcess, handle msg spinner.TickMsg
[2026-01-06 16:14:00] logic_MainProgram.Update, top model *goass.ui_NewProcess, handle msg spinner.TickMsg
[2026-01-06 16:14:01] logic_MainProgram.Update, top model *goass.ui_NewProcess, handle msg spinner.TickMsg
[2026-01-06 16:14:01] logic_MainProgram.Update, top model *goass.ui_NewProcess, handle msg spinner.TickMsg
[2026-01-06 16:14:01] logic_MainProgram.Update, top model *goass.ui_NewProcess, handle msg cursor.BlinkMsg
[2026-01-06 16:14:01] logic_MainProgram.Update, top model *goass.ui_NewProcess, handle msg spinner.TickMsg
[2026-01-06 16:14:01] logic_MainProgram.Update, top model *goass.ui_NewProcess, handle msg spinner.TickMsg
[2026-01-06 16:14:01] logic_MainProgram.Update, top model *goass.ui_NewProcess, handle msg spinner.TickMsg
[2026-01-06 16:14:01] logic_MainProgram.Update, top model *goass.ui_NewProcess, handle msg spinner.TickMsg
[2026-01-06 16:14:01] logic_MainProgram.Update, top model *goass.ui_NewProcess, handle msg spinner.TickMsg
[2026-01-06 16:14:01] logic_MainProgram.Update, top model *goass.ui_NewProcess, handle msg cursor.BlinkMsg
[2026-01-06 16:14:01] logic_MainProgram.Update, top model *goass.ui_NewProcess, handle msg spinner.TickMsg
[2026-01-06 16:14:01] logic_MainProgram.Update, top model *goass.ui_NewProcess, handle msg spinner.TickMsg
[2026-01-06 16:14:01] logic_MainProgram.Update, top model *goass.ui_NewProcess, handle msg spinner.TickMsg
[2026-01-06 16:14:02] logic_MainProgram.Update, top model *goass.ui_NewProcess, handle msg spinner.TickMsg
[2026-01-06 16:14:02] logic_MainProgram.Update, top model *goass.ui_NewProcess, handle msg spinner.TickMsg
[2026-01-06 16:14:02] logic_MainProgram.Update, top model *goass.ui_NewProcess, handle msg cursor.BlinkMsg
[2026-01-06 16:14:02] logic_MainProgram.Update, top model *goass.ui_NewProcess, handle msg spinner.TickMsg
[2026-01-06 16:14:02] logic_MainProgram.Update, top model *goass.ui_NewProcess, handle msg spinner.TickMsg
[2026-01-06 16:14:02] logic_MainProgram.Update, top model *goass.ui_NewProcess, handle msg spinner.TickMsg
[2026-01-06 16:14:02] logic_MainProgram.Update, top model *goass.ui_NewProcess, handle msg spinner.TickMsg
[2026-01-06 16:14:02] logic_MainProgram.Update, top model *goass.ui_NewProcess, handle msg spinner.TickMsg
[2026-01-06 16:14:02] logic_MainProgram.Update, top model *goass.ui_NewProcess, handle msg cursor.BlinkMsg
[2026-01-06 16:14:02] logic_MainProgram.Update, top model *goass.ui_NewProcess, handle msg spinner.TickMsg
[2026-01-06 16:14:02] logic_MainProgram.Update, top model *goass.ui_NewProcess, handle msg spinner.TickMsg
[2026-01-06 16:14:02] logic_MainProgram.Update, top model *goass.ui_NewProcess, handle msg spinner.TickMsg
[2026-01-06 16:14:03] logic_MainProgram.Update, top model *goass.ui_NewProcess, handle msg spinner.TickMsg
[2026-01-06 16:14:03] logic_MainProgram.Update, top model *goass.ui_NewProcess, handle msg spinner.TickMsg
[2026-01-06 16:14:03] logic_MainProgram.Update, top model *goass.ui_NewProcess, handle msg spinner.TickMsg
[2026-01-06 16:14:03] logic_MainProgram.Update, top model *goass.ui_NewProcess, handle msg cursor.BlinkMsg
[2026-01-06 16:14:03] logic_MainProgram.Update, top model *goass.ui_NewProcess, handle msg spinner.TickMsg
[2026-01-06 16:14:03] logic_MainProgram.Update, top model *goass.ui_NewProcess, handle msg spinner.TickMsg
[2026-01-06 16:14:03] logic_MainProgram.Update, top model *goass.ui_NewProcess, handle msg spinner.TickMsg
[2026-01-06 16:14:03] logic_MainProgram.Update, top model *goass.ui_NewProcess, handle msg spinner.TickMsg
[2026-01-06 16:14:03] logic_MainProgram.Update, top model *goass.ui_NewProcess, handle msg spinner.TickMsg
[2026-01-06 16:14:03] logic_MainProgram.Update, top model *goass.ui_NewProcess, handle msg cursor.BlinkMsg
[2026-01-06 16:14:03] logic_MainProgram.Update, top model *goass.ui_NewProcess, handle msg spinner.TickMsg
[2026-01-06 16:14:03] logic_MainProgram.Update, top model *goass.ui_NewProcess, handle msg spinner.TickMsg
[2026-01-06 16:14:04] logic_MainProgram.Update, top model *goass.ui_NewProcess, handle msg spinner.TickMsg
[2026-01-06 16:14:04] logic_MainProgram.Update, top model *goass.ui_NewProcess, handle msg spinner.TickMsg
[2026-01-06 16:14:04] logic_MainProgram.Update, top model *goass.ui_NewProcess, handle msg spinner.TickMsg
[2026-01-06 16:14:04] logic_MainProgram.Update, top model *goass.ui_NewProcess, handle msg cursor.BlinkMsg
[2026-01-06 16:14:04] logic_MainProgram.Update, top model *goass.ui_NewProcess, handle msg spinner.TickMsg
[2026-01-06 16:14:04] logic_MainProgram.Update, top model *goass.ui_NewProcess, handle msg spinner.TickMsg
[2026-01-06 16:14:04] logic_MainProgram.Update, top model *goass.ui_NewProcess, handle msg spinner.TickMsg
[2026-01-06 16:14:04] logic_MainProgram.Update, top model *goass.ui_NewProcess, handle msg spinner.TickMsg
[2026-01-06 16:14:04] logic_MainProgram.Update, top model *goass.ui_NewProcess, handle msg spinner.TickMsg
[2026-01-06 16:14:04] logic_MainProgram.Update, top model *goass.ui_NewProcess, handle msg cursor.BlinkMsg
[2026-01-06 16:14:04] logic_MainProgram.Update, top model *goass.ui_NewProcess, handle msg spinner.TickMsg
[2026-01-06 16:14:04] logic_MainProgram.Update, top model *goass.ui_NewProcess, handle msg spinner.TickMsg
[2026-01-06 16:14:05] logic_MainProgram.Update, top model *goass.ui_NewProcess, handle msg spinner.TickMsg
[2026-01-06 16:14:05] logic_MainProgram.Update, top model *goass.ui_NewProcess, handle msg spinner.TickMsg
[2026-01-06 16:14:05] logic_MainProgram.Update, top model *goass.ui_NewProcess, handle msg spinner.TickMsg
[2026-01-06 16:14:05] logic_MainProgram.Update, top model *goass.ui_NewProcess, handle msg spinner.TickMsg
[2026-01-06 16:14:05] logic_MainProgram.Update, top model *goass.ui_NewProcess, handle msg cursor.BlinkMsg
[2026-01-06 16:14:05] logic_MainProgram.Update, top model *goass.ui_NewProcess, handle msg spinner.TickMsg
[2026-01-06 16:14:05] logic_MainProgram.Update, top model *goass.ui_NewProcess, handle msg spinner.TickMsg
[2026-01-06 16:14:05] logic_MainProgram.Update, top model *goass.ui_NewProcess, handle msg spinner.TickMsg
[2026-01-06 16:14:05] logic_MainProgram.Update, top model *goass.ui_NewProcess, handle msg spinner.TickMsg
[2026-01-06 16:14:05] logic_MainProgram.Update, top model *goass.ui_NewProcess, handle msg spinner.TickMsg
[2026-01-06 16:14:05] logic_MainProgram.Update, top model *goass.ui_NewProcess, handle msg cursor.BlinkMsg
[2026-01-06 16:14:05] logic_MainProgram.Update, top model *goass.ui_NewProcess, handle msg spinner.TickMsg
[2026-01-06 16:14:06] logic_MainProgram.Update, top model *goass.ui_NewProcess, handle msg spinner.TickMsg
[2026-01-06 16:14:06] logic_MainProgram.Update, top model *goass.ui_NewProcess, handle msg spinner.TickMsg
[2026-01-06 16:14:06] logic_MainProgram.Update, top model *goass.ui_NewProcess, handle msg spinner.TickMsg
[2026-01-06 16:14:06] logic_MainProgram.Update, top model *goass.ui_NewProcess, handle msg spinner.TickMsg
[2026-01-06 16:14:06] logic_MainProgram.Update, top model *goass.ui_NewProcess, handle msg cursor.BlinkMsg
[2026-01-06 16:14:06] logic_MainProgram.Update, top model *goass.ui_NewProcess, handle msg spinner.TickMsg
[2026-01-06 16:14:06] logic_MainProgram.Update, top model *goass.ui_NewProcess, handle msg spinner.TickMsg
[2026-01-06 16:14:06] logic_MainProgram.Update, top model *goass.ui_NewProcess, handle msg spinner.TickMsg
[2026-01-06 16:14:06] logic_MainProgram.Update, top model *goass.ui_NewProcess, handle msg spinner.TickMsg
[2026-01-06 16:14:06] logic_MainProgram.Update, top model *goass.ui_NewProcess, handle msg spinner.TickMsg
[2026-01-06 16:14:06] logic_MainProgram.Update, top model *goass.ui_NewProcess, handle msg cursor.BlinkMsg
[2026-01-06 16:14:06] logic_MainProgram.Update, top model *goass.ui_NewProcess, handle msg spinner.TickMsg
[2026-01-06 16:14:07] logic_MainProgram.Update, top model *goass.ui_NewProcess, handle msg spinner.TickMsg
[2026-01-06 16:14:07] logic_MainProgram.Update, top model *goass.ui_NewProcess, handle msg spinner.TickMsg
[2026-01-06 16:14:07] logic_MainProgram.Update, top model *goass.ui_NewProcess, handle msg spinner.TickMsg
[2026-01-06 16:14:07] logic_MainProgram.Update, top model *goass.ui_NewProcess, handle msg spinner.TickMsg
[2026-01-06 16:14:07] logic_MainProgram.Update, top model *goass.ui_NewProcess, handle msg spinner.TickMsg
[2026-01-06 16:14:07] logic_MainProgram.Update, top model *goass.ui_NewProcess, handle msg cursor.BlinkMsg
[2026-01-06 16:14:07] logic_MainProgram.Update, top model *goass.ui_NewProcess, handle msg spinner.TickMsg
[2026-01-06 16:14:07] logic_MainProgram.Update, top model *goass.ui_NewProcess, handle msg spinner.TickMsg
[2026-01-06 16:14:07] logic_MainProgram.Update, top model *goass.ui_NewProcess, handle msg spinner.TickMsg
[2026-01-06 16:14:07] logic_MainProgram.Update, top model *goass.ui_NewProcess, handle msg spinner.TickMsg
[2026-01-06 16:14:07] logic_MainProgram.Update, top model *goass.ui_NewProcess, handle msg spinner.TickMsg
[2026-01-06 16:14:08] logic_MainProgram.Update, top model *goass.ui_NewProcess, handle msg cursor.BlinkMsg
[2026-01-06 16:14:08] logic_MainProgram.Update, top model *goass.ui_NewProcess, handle msg spinner.TickMsg
[2026-01-06 16:14:08] logic_MainProgram.Update, top model *goass.ui_NewProcess, handle msg spinner.TickMsg
[2026-01-06 16:14:08] logic_MainProgram.Update, top model *goass.ui_NewProcess, handle msg spinner.TickMsg
[2026-01-06 16:14:08] logic_MainProgram.Update, top model *goass.ui_NewProcess, handle msg spinner.TickMsg
[2026-01-06 16:14:08] logic_MainProgram.Update, top model *goass.ui_NewProcess, handle msg spinner.TickMsg
[2026-01-06 16:14:08] logic_MainProgram.Update, top model *goass.ui_NewProcess, handle msg cursor.BlinkMsg
[2026-01-06 16:14:08] logic_MainProgram.Update, top model *goass.ui_NewProcess, handle msg spinner.TickMsg
[2026-01-06 16:14:08] logic_MainProgram.Update, top model *goass.ui_NewProcess, handle msg spinner.TickMsg
[2026-01-06 16:14:08] logic_MainProgram.Update, top model *goass.ui_NewProcess, handle msg spinner.TickMsg
[2026-01-06 16:14:08] logic_MainProgram.Update, top model *goass.ui_NewProcess, handle msg spinner.TickMsg
[2026-01-06 16:14:08] logic_MainProgram.Update, top model *goass.ui_NewProcess, handle msg spinner.TickMsg
[2026-01-06 16:14:09] logic_MainProgram.Update, top model *goass.ui_NewProcess, handle msg spinner.TickMsg
[2026-01-06 16:14:09] logic_MainProgram.Update, top model *goass.ui_NewProcess, handle msg cursor.BlinkMsg
[2026-01-06 16:14:09] logic_MainProgram.Update, top model *goass.ui_NewProcess, handle msg spinner.TickMsg
[2026-01-06 16:14:09] logic_MainProgram.Update, top model *goass.ui_NewProcess, handle msg spinner.TickMsg
[2026-01-06 16:14:09] logic_MainProgram.Update, top model *goass.ui_NewProcess, handle msg spinner.TickMsg
[2026-01-06 16:14:09] logic_MainProgram.Update, top model *goass.ui_NewProcess, handle msg spinner.TickMsg
[2026-01-06 16:14:09] logic_MainProgram.Update, top model *goass.ui_NewProcess, handle msg spinner.TickMsg
[2026-01-06 16:14:09] logic_MainProgram.Update, top model *goass.ui_NewProcess, handle msg cursor.BlinkMsg
[2026-01-06 16:14:09] logic_MainProgram.Update, top model *goass.ui_NewProcess, handle msg spinner.TickMsg
[2026-01-06 16:14:09] logic_MainProgram.Update, top model *goass.ui_NewProcess, handle msg spinner.TickMsg
[2026-01-06 16:14:09] logic_MainProgram.Update, top model *goass.ui_NewProcess, handle msg spinner.TickMsg
[2026-01-06 16:14:09] logic_MainProgram.Update, top model *goass.ui_NewProcess, handle msg spinner.TickMsg
[2026-01-06 16:14:10] logic_MainProgram.Update, top model *goass.ui_NewProcess, handle msg spinner.TickMsg
[2026-01-06 16:14:10] logic_MainProgram.Update, top model *goass.ui_NewProcess, handle msg cursor.BlinkMsg
[2026-01-06 16:14:10] logic_MainProgram.Update, top model *goass.ui_NewProcess, handle msg spinner.TickMsg
[2026-01-06 16:14:10] logic_MainProgram.Update, top model *goass.ui_NewProcess, handle msg spinner.TickMsg
[2026-01-06 16:14:10] logic_MainProgram.Update, top model *goass.ui_NewProcess, handle msg spinner.TickMsg
[2026-01-06 16:14:10] logic_MainProgram.Update, top model *goass.ui_NewProcess, handle msg spinner.TickMsg
[2026-01-06 16:14:10] logic_MainProgram.Update, top model *goass.ui_NewProcess, handle msg spinner.TickMsg
[2026-01-06 16:14:10] logic_MainProgram.Update, top model *goass.ui_NewProcess, handle msg cursor.BlinkMsg
[2026-01-06 16:14:10] logic_MainProgram.Update, top model *goass.ui_NewProcess, handle msg spinner.TickMsg
[2026-01-06 16:14:10] logic_MainProgram.Update, top model *goass.ui_NewProcess, handle msg spinner.TickMsg
[2026-01-06 16:14:10] logic_MainProgram.Update, top model *goass.ui_NewProcess, handle msg spinner.TickMsg
[2026-01-06 16:14:11] logic_MainProgram.Update, top model *goass.ui_NewProcess, handle msg spinner.TickMsg
[2026-01-06 16:14:11] logic_MainProgram.Update, top model *goass.ui_NewProcess, handle msg spinner.TickMsg
[2026-01-06 16:14:11] logic_MainProgram.Update, top model *goass.ui_NewProcess, handle msg spinner.TickMsg
[2026-01-06 16:14:11] logic_MainProgram.Update, top model *goass.ui_NewProcess, handle msg cursor.BlinkMsg
[2026-01-06 16:14:11] logic_MainProgram.Update, top model *goass.ui_NewProcess, handle msg spinner.TickMsg
[2026-01-06 16:14:11] logic_MainProgram.Update, top model *goass.ui_NewProcess, handle msg spinner.TickMsg
[2026-01-06 16:14:11] logic_MainProgram.Update, top model *goass.ui_NewProcess, handle msg spinner.TickMsg
[2026-01-06 16:14:11] logic_MainProgram.Update, top model *goass.ui_NewProcess, handle msg spinner.TickMsg
[2026-01-06 16:14:11] logic_MainProgram.Update, top model *goass.ui_NewProcess, handle msg spinner.TickMsg
[2026-01-06 16:14:11] logic_MainProgram.Update, top model *goass.ui_NewProcess, handle msg cursor.BlinkMsg
[2026-01-06 16:14:11] logic_MainProgram.Update, top model *goass.ui_NewProcess, handle msg spinner.TickMsg
[2026-01-06 16:14:11] logic_MainProgram.Update, top model *goass.ui_NewProcess, handle msg spinner.TickMsg
[2026-01-06 16:14:12] logic_MainProgram.Update, top model *goass.ui_NewProcess, handle msg spinner.TickMsg
[2026-01-06 16:14:12] logic_MainProgram.Update, top model *goass.ui_NewProcess, handle msg spinner.TickMsg
[2026-01-06 16:14:12] logic_MainProgram.Update, top model *goass.ui_NewProcess, handle msg spinner.TickMsg
[2026-01-06 16:14:12] logic_MainProgram.Update, top model *goass.ui_NewProcess, handle msg cursor.BlinkMsg
[2026-01-06 16:14:12] logic_MainProgram.Update, top model *goass.ui_NewProcess, handle msg spinner.TickMsg
[2026-01-06 16:14:12] logic_MainProgram.Update, top model *goass.ui_NewProcess, handle msg spinner.TickMsg
[2026-01-06 16:14:12] logic_MainProgram.Update, top model *goass.ui_NewProcess, handle msg spinner.TickMsg
[2026-01-06 16:14:12] logic_MainProgram.Update, top model *goass.ui_NewProcess, handle msg spinner.TickMsg
[2026-01-06 16:14:12] logic_MainProgram.Update, top model *goass.ui_NewProcess, handle msg spinner.TickMsg
[2026-01-06 16:14:12] logic_MainProgram.Update, top model *goass.ui_NewProcess, handle msg cursor.BlinkMsg
[2026-01-06 16:14:12] logic_MainProgram.Update, top model *goass.ui_NewProcess, handle msg spinner.TickMsg
[2026-01-06 16:14:12] logic_MainProgram.Update, top model *goass.ui_NewProcess, handle msg spinner.TickMsg
[2026-01-06 16:14:13] logic_MainProgram.Update, top model *goass.ui_NewProcess, handle msg spinner.TickMsg
[2026-01-06 16:14:13] logic_MainProgram.Update, top model *goass.ui_NewProcess, handle msg spinner.TickMsg
[2026-01-06 16:14:13] logic_MainProgram.Update, top model *goass.ui_NewProcess, handle msg spinner.TickMsg
[2026-01-06 16:14:13] logic_MainProgram.Update, top model *goass.ui_NewProcess, handle msg spinner.TickMsg
[2026-01-06 16:14:13] logic_MainProgram.Update, top model *goass.ui_NewProcess, handle msg cursor.BlinkMsg
[2026-01-06 16:14:13] logic_MainProgram.Update, top model *goass.ui_NewProcess, handle msg spinner.TickMsg
[2026-01-06 16:14:13] logic_MainProgram.Update, top model *goass.ui_NewProcess, handle msg spinner.TickMsg
[2026-01-06 16:14:13] logic_MainProgram.Update, top model *goass.ui_NewProcess, handle msg spinner.TickMsg
[2026-01-06 16:14:13] logic_MainProgram.Update, top model *goass.ui_NewProcess, handle msg spinner.TickMsg
[2026-01-06 16:14:13] logic_MainProgram.Update, top model *goass.ui_NewProcess, handle msg spinner.TickMsg
[2026-01-06 16:14:13] logic_MainProgram.Update, top model *goass.ui_NewProcess, handle msg cursor.BlinkMsg
[2026-01-06 16:14:13] logic_MainProgram.Update, top model *goass.ui_NewProcess, handle msg spinner.TickMsg
[2026-01-06 16:14:14] logic_MainProgram.Update, top model *goass.ui_NewProcess, handle msg spinner.TickMsg
[2026-01-06 16:14:14] logic_MainProgram.Update, top model *goass.ui_NewProcess, handle msg spinner.TickMsg
[2026-01-06 16:14:14] logic_MainProgram.Update, top model *goass.ui_NewProcess, handle msg spinner.TickMsg
[2026-01-06 16:14:14] logic_MainProgram.Update, top model *goass.ui_NewProcess, handle msg spinner.TickMsg
[2026-01-06 16:14:14] logic_MainProgram.Update, top model *goass.ui_NewProcess, handle msg cursor.BlinkMsg
[2026-01-06 16:14:14] logic_MainProgram.Update, top model *goass.ui_NewProcess, handle msg spinner.TickMsg
[2026-01-06 16:14:14] logic_MainProgram.Update, top model *goass.ui_NewProcess, handle msg spinner.TickMsg
[2026-01-06 16:14:14] logic_MainProgram.Update, top model *goass.ui_NewProcess, handle msg spinner.TickMsg
[2026-01-06 16:14:14] logic_MainProgram.Update, top model *goass.ui_NewProcess, handle msg spinner.TickMsg
[2026-01-06 16:14:14] logic_MainProgram.Update, top model *goass.ui_NewProcess, handle msg spinner.TickMsg
[2026-01-06 16:14:14] logic_MainProgram.Update, top model *goass.ui_NewProcess, handle msg cursor.BlinkMsg
[2026-01-06 16:14:14] logic_MainProgram.Update, top model *goass.ui_NewProcess, handle msg spinner.TickMsg
[2026-01-06 16:14:15] logic_MainProgram.Update, top model *goass.ui_NewProcess, handle msg spinner.TickMsg
[2026-01-06 16:14:15] logic_MainProgram.Update, top model *goass.ui_NewProcess, handle msg spinner.TickMsg
[2026-01-06 16:14:15] logic_MainProgram.Update, top model *goass.ui_NewProcess, handle msg spinner.TickMsg
[2026-01-06 16:14:15] logic_MainProgram.Update, top model *goass.ui_NewProcess, handle msg spinner.TickMsg
[2026-01-06 16:14:15] logic_MainProgram.Update, top model *goass.ui_NewProcess, handle msg spinner.TickMsg
[2026-01-06 16:14:15] logic_MainProgram.Update, top model *goass.ui_NewProcess, handle msg cursor.BlinkMsg
[2026-01-06 16:14:15] logic_MainProgram.Update, top model *goass.ui_NewProcess, handle msg spinner.TickMsg
[2026-01-06 16:14:15] logic_MainProgram.Update, top model *goass.ui_NewProcess, handle msg spinner.TickMsg
[2026-01-06 16:14:15] logic_MainProgram.Update, top model *goass.ui_NewProcess, handle msg spinner.TickMsg
[2026-01-06 16:14:15] logic_MainProgram.Update, top model *goass.ui_NewProcess, handle msg spinner.TickMsg
[2026-01-06 16:14:15] logic_MainProgram.Update, top model *goass.ui_NewProcess, handle msg spinner.TickMsg
[2026-01-06 16:14:15] logic_MainProgram.Update, top model *goass.ui_NewProcess, handle msg cursor.BlinkMsg
[2026-01-06 16:14:16] logic_MainProgram.Update, top model *goass.ui_NewProcess, handle msg spinner.TickMsg
[2026-01-06 16:14:16] logic_MainProgram.Update, top model *goass.ui_NewProcess, handle msg spinner.TickMsg
[2026-01-06 16:14:16] logic_MainProgram.Update, top model *goass.ui_NewProcess, handle msg spinner.TickMsg
[2026-01-06 16:14:16] logic_MainProgram.Update, top model *goass.ui_NewProcess, handle msg spinner.TickMsg
[2026-01-06 16:14:16] logic_MainProgram.Update, top model *goass.ui_NewProcess, handle msg spinner.TickMsg
[2026-01-06 16:14:16] logic_MainProgram.Update, top model *goass.ui_NewProcess, handle msg cursor.BlinkMsg
[2026-01-06 16:14:16] logic_MainProgram.Update, top model *goass.ui_NewProcess, handle msg spinner.TickMsg
[2026-01-06 16:14:16] logic_MainProgram.Update, top model *goass.ui_NewProcess, handle msg spinner.TickMsg
[2026-01-06 16:14:16] logic_MainProgram.Update, top model *goass.ui_NewProcess, handle msg spinner.TickMsg
[2026-01-06 16:14:16] logic_MainProgram.Update, top model *goass.ui_NewProcess, handle msg spinner.TickMsg
[2026-01-06 16:14:16] logic_MainProgram.Update, top model *goass.ui_NewProcess, handle msg tea.KeyMsg
[2026-01-06 16:14:16] logic_MainProgram.Update, top model *goass.ui_NewProcess, handle msg cursor.blinkCanceled
[2026-01-06 16:14:16] logic_MainProgram.Update, top model *goass.ui_NewProcess, handle msg spinner.TickMsg
[2026-01-06 16:14:17] logic_MainProgram.Update, top model *goass.ui_NewProcess, handle msg spinner.TickMsg
[2026-01-06 16:14:17] logic_MainProgram.Update, top model *goass.ui_NewProcess, handle msg spinner.TickMsg
[2026-01-06 16:14:17] logic_MainProgram.Update, top model *goass.ui_NewProcess, handle msg spinner.TickMsg
[2026-01-06 16:14:17] logic_MainProgram.Update, top model *goass.ui_NewProcess, handle msg tea.KeyMsg
[2026-01-06 16:14:17] logic_MainProgram.Update, top model *goass.ui_NewProcess, handle msg common.MSG_back
[2026-01-06 16:14:17] common.MSG_back, model *goass.ui_NewProcess
[2026-01-06 16:14:17] logic_MainProgram.Update, top model *goass.ui_MainOperationList, handle msg spinner.TickMsg
[2026-01-06 16:14:17] logic_MainProgram.Update, top model *goass.ui_MainOperationList, handle msg cursor.BlinkMsg
[2026-01-06 16:14:18] logic_MainProgram.Update, top model *goass.ui_MainOperationList, handle msg tea.KeyMsg
[2026-01-06 16:14:18] logic_MainProgram.Update, top model *goass.ui_MainOperationList, handle msg common.MSG_back
