2022-11-10T10:09:33.761+0800	INFO	sg-server/main.go:20	SG-Server run
2022-11-10T10:09:40.292+0800	INFO	framework/framework.go:101	create link and its dispatcher	{"link": 1668046180292619351}
2022-11-10T10:09:40.293+0800	INFO	dispatcher/dispatcher.go:42	begin logic goroutine	{"link": 1668046180292619351}
2022-11-10T10:09:40.293+0800	INFO	link/link.go:58	begin recv goroutine	{"link": 1668046180292619351}
2022-11-10T10:09:40.293+0800	INFO	link/link.go:82	begin send goroutine	{"link": 1668046180292619351}
2022-11-10T10:09:40.295+0800	INFO	dispatcher/dispatcher.go:81	handle recv event	{"link": 1668046180292619351, "event": {}}
2022-11-10T10:09:40.296+0800	INFO	sg-server/handler.go:35	link as user login with counter	{"link": 1668046180292619351, "counter": 545}
2022-11-10T10:09:40.298+0800	INFO	dispatcher/dispatcher.go:81	handle recv event	{"link": 1668046180292619351, "event": {}}
2022-11-10T10:09:40.298+0800	INFO	sg-server/handler.go:70	link as user recv business key value1 value2	{"link": 1668046180292619351, "key": 1668046180297738547, "value1": 545, "value2": 527}
2022-11-10T10:09:40.299+0800	INFO	dispatcher/dispatcher.go:81	handle recv event	{"link": 1668046180292619351, "event": {}}
2022-11-10T10:09:40.299+0800	INFO	sg-server/handler.go:49	link as user logout	{"link": 1668046180292619351}
2022-11-10T10:09:40.299+0800	INFO	link/link.go:142	link exit	{"link": 1668046180292619351}
2022-11-10T10:09:40.299+0800	INFO	link/link.go:65	tcp socket closed by local
2022-11-10T10:09:40.299+0800	INFO	link/link.go:70	close recv channel	{"link": 1668046180292619351}
2022-11-10T10:09:40.300+0800	INFO	link/link.go:72	end recv goroutine	{"link": 1668046180292619351}
2022-11-10T10:09:40.300+0800	INFO	dispatcher/dispatcher.go:73	receive channel closed	{"link": 1668046180292619351}
2022-11-10T10:09:40.300+0800	INFO	link/link.go:139	link already exit	{"link": 1668046180292619351}
2022-11-10T10:09:40.300+0800	INFO	dispatcher/dispatcher.go:92	end logic goroutine	{"link": 1668046180292619351}
2022-11-10T10:09:40.300+0800	INFO	link/link.go:86	send goroutine event is nil or not ok, end send goroutine	{"link": 1668046180292619351, "isNil": true, "ok": false}
2022-11-10T10:10:36.367+0800	INFO	framework/framework.go:149	stop signal
2022-11-10T10:10:36.368+0800	INFO	framework/framework.go:152	exit framework
2022-11-10T10:10:36.368+0800	INFO	framework/framework.go:131	close acceptor
2022-11-10T10:10:36.369+0800	INFO	framework/framework.go:66	framework acceptor closed
2022-11-10T10:10:36.369+0800	INFO	framework/framework.go:154	waitting 5 seconds
